<<<<<<< HEAD
\BOOKMARK [-1][-]{part.1}{I Quantum mechanics}{}% 1
\BOOKMARK [0][-]{chapter.1}{Revisiting classical mechanics}{part.1}% 2
\BOOKMARK [1][-]{section.1.1}{Physical theories}{chapter.1}% 3
\BOOKMARK [2][-]{subsection.1.1.1}{Experiment}{section.1.1}% 4
\BOOKMARK [2][-]{subsection.1.1.2}{Definition}{section.1.1}% 5
\BOOKMARK [1][-]{section.1.2}{Classical mechanics}{chapter.1}% 6
\BOOKMARK [2][-]{subsection.1.2.1}{Newtonian mechanics}{section.1.2}% 7
\BOOKMARK [2][-]{subsection.1.2.2}{Example - point particle moving in 1D and subject to an harmonic force}{section.1.2}% 8
\BOOKMARK [2][-]{subsection.1.2.3}{Phase-space}{section.1.2}% 9
\BOOKMARK [2][-]{subsection.1.2.4}{Systems in three dimension and with more than one particle}{section.1.2}% 10
\BOOKMARK [2][-]{subsection.1.2.5}{Work and energy}{section.1.2}% 11
\BOOKMARK [2][-]{subsection.1.2.6}{Conservation of mechanical energy}{section.1.2}% 12
\BOOKMARK [2][-]{subsection.1.2.7}{Angular momentum conservation}{section.1.2}% 13
\BOOKMARK [1][-]{section.1.3}{Classical theory of the hydrogen atom}{chapter.1}% 14
\BOOKMARK [2][-]{subsection.1.3.1}{Mechanical energy in polar coordinates}{section.1.3}% 15
\BOOKMARK [2][-]{subsection.1.3.2}{Case 1 - E>0}{section.1.3}% 16
\BOOKMARK [2][-]{subsection.1.3.3}{Case 2 - E<0}{section.1.3}% 17
\BOOKMARK [2][-]{subsection.1.3.4}{Conclusion}{section.1.3}% 18
\BOOKMARK [1][-]{section.1.4}{Hamiltonian formulation of mechanics}{chapter.1}% 19
\BOOKMARK [2][-]{subsection.1.4.1}{Hamilton's theory}{section.1.4}% 20
\BOOKMARK [2][-]{subsection.1.4.2}{Hamilton's equations}{section.1.4}% 21
\BOOKMARK [2][-]{subsection.1.4.3}{Harmonic oscillator}{section.1.4}% 22
\BOOKMARK [0][-]{chapter.2}{Breakdown of classical mechanics}{part.1}% 23
\BOOKMARK [1][-]{section.2.1}{The fall of determinism}{chapter.2}% 24
\BOOKMARK [2][-]{subsection.2.1.1}{Double slit experiment}{section.2.1}% 25
\BOOKMARK [1][-]{section.2.2}{The photoelectric effect}{chapter.2}% 26
\BOOKMARK [2][-]{subsection.2.2.1}{Experimental findings}{section.2.2}% 27
\BOOKMARK [2][-]{subsection.2.2.2}{Conclusions}{section.2.2}% 28
\BOOKMARK [1][-]{section.2.3}{Quantization and atomic spectra}{chapter.2}% 29
\BOOKMARK [2][-]{subsection.2.3.1}{Experiment}{section.2.3}% 30
\BOOKMARK [2][-]{subsection.2.3.2}{Finding}{section.2.3}% 31
\BOOKMARK [2][-]{subsection.2.3.3}{Conclusion}{section.2.3}% 32
\BOOKMARK [1][-]{section.2.4}{Stern Gerlach experiment}{chapter.2}% 33
\BOOKMARK [2][-]{subsection.2.4.1}{Experiment}{section.2.4}% 34
\BOOKMARK [2][-]{subsection.2.4.2}{Finding}{section.2.4}% 35
\BOOKMARK [2][-]{subsection.2.4.3}{Conclusion}{section.2.4}% 36
\BOOKMARK [1][-]{section.2.5}{Finding the Schr\366edinger equation}{chapter.2}% 37
\BOOKMARK [2][-]{subsection.2.5.1}{Free particle Schr\366edinger equation}{section.2.5}% 38
\BOOKMARK [2][-]{subsection.2.5.2}{Complete Schr\366edinger equation}{section.2.5}% 39
\BOOKMARK [0][-]{chapter.3}{Waves of matter}{part.1}% 40
\BOOKMARK [1][-]{section.3.1}{The Schr\366dinger equation}{chapter.3}% 41
\BOOKMARK [2][-]{subsection.3.1.1}{Double-slit experiment}{section.3.1}% 42
\BOOKMARK [2][-]{subsection.3.1.2}{Main assumption}{section.3.1}% 43
\BOOKMARK [2][-]{subsection.3.1.3}{Defining the Schr\366edinger equation}{section.3.1}% 44
\BOOKMARK [1][-]{section.3.2}{Stationary Schr\366edinger equation}{chapter.3}% 45
\BOOKMARK [1][-]{section.3.3}{Ground state of the quantum harmonic oscillator}{chapter.3}% 46
\BOOKMARK [2][-]{subsection.3.3.1}{Form of the ground state}{section.3.3}% 47
\BOOKMARK [2][-]{subsection.3.3.2}{Solution of the ground state of the quantum mechanic oscillator}{section.3.3}% 48
\BOOKMARK [1][-]{section.3.4}{Quantum particle in a one dimensional infinite square well}{chapter.3}% 49
\BOOKMARK [2][-]{subsection.3.4.1}{Solution}{section.3.4}% 50
\BOOKMARK [2][-]{subsection.3.4.2}{Discussion}{section.3.4}% 51
\BOOKMARK [1][-]{section.3.5}{Two dimensional square well}{chapter.3}% 52
\BOOKMARK [2][-]{subsection.3.5.1}{Solution}{section.3.5}% 53
\BOOKMARK [1][-]{section.3.6}{Lattice discretization}{chapter.3}% 54
\BOOKMARK [2][-]{subsection.3.6.1}{Discrete representation of the derivative}{section.3.6}% 55
\BOOKMARK [1][-]{section.3.7}{Time evolution operators}{chapter.3}% 56
\BOOKMARK [0][-]{chapter.4}{Quantum mechanics}{part.1}% 57
\BOOKMARK [1][-]{section.4.1}{State of a system}{chapter.4}% 58
\BOOKMARK [1][-]{section.4.2}{Observable quantities}{chapter.4}% 59
\BOOKMARK [1][-]{section.4.3}{Outcomes of measurement}{chapter.4}% 60
\BOOKMARK [1][-]{section.4.4}{Expectation value}{chapter.4}% 61
\BOOKMARK [1][-]{section.4.5}{Time evolution}{chapter.4}% 62
\BOOKMARK [-1][-]{part.2}{II Quantum chemistry}{}% 63
\BOOKMARK [0][-]{chapter.5}{Approximation methods}{part.2}% 64
\BOOKMARK [1][-]{section.5.1}{Truncated eigenstate expansion \(Generalized Fourier\)}{chapter.5}% 65
\BOOKMARK [1][-]{section.5.2}{Quantum tunneling - The Landau problem}{chapter.5}% 66
\BOOKMARK [1][-]{section.5.3}{Ritz-Rayleigh variational principle}{chapter.5}% 67
\BOOKMARK [0][-]{chapter.6}{Atomic physics}{part.2}% 68
\BOOKMARK [1][-]{section.6.1}{Quantum theory of the Hydrogen atom}{chapter.6}% 69
\BOOKMARK [2][-]{subsection.6.1.1}{Evaluation of conservation of energy}{section.6.1}% 70
\BOOKMARK [2][-]{subsection.6.1.2}{Angular momentum conservation}{section.6.1}% 71
\BOOKMARK [1][-]{section.6.2}{Relation between spin and statistics: Quantum many-body systems}{chapter.6}% 72
\BOOKMARK [2][-]{subsection.6.2.1}{The importance of spin}{section.6.2}% 73
\BOOKMARK [2][-]{subsection.6.2.2}{Spin-Statistics theorem}{section.6.2}% 74
\BOOKMARK [2][-]{subsection.6.2.3}{Mean Field Approximation}{section.6.2}% 75
\BOOKMARK [2][-]{subsection.6.2.4}{Quantum Entanglement}{section.6.2}% 76
\BOOKMARK [2][-]{subsection.6.2.5}{Tensor product states}{section.6.2}% 77
\BOOKMARK [0][-]{chapter.7}{Molecular physics}{part.2}% 78
\BOOKMARK [1][-]{section.7.1}{The Born-Oppenheimer Approximation}{chapter.7}% 79
\BOOKMARK [1][-]{section.7.2}{The H2 molecule}{chapter.7}% 80
\BOOKMARK [1][-]{section.7.3}{Electronic structure calculation methods}{chapter.7}% 81
\BOOKMARK [2][-]{subsection.7.3.1}{Density Function Theory \(DFT\)}{section.7.3}% 82
\BOOKMARK [2][-]{subsection.7.3.2}{QM-MM Schemes}{section.7.3}% 83
\BOOKMARK [-1][-]{part.3}{III Quantum computing}{}% 84
\BOOKMARK [-1][-]{part.4}{IV Mathematical Background}{}% 85
\BOOKMARK [0][-]{chapter.8}{Complex numbers}{part.4}% 86
\BOOKMARK [1][-]{section.8.1}{Argand plane}{chapter.8}% 87
\BOOKMARK [1][-]{section.8.2}{Operations}{chapter.8}% 88
\BOOKMARK [2][-]{subsection.8.2.1}{Addition}{section.8.2}% 89
\BOOKMARK [2][-]{subsection.8.2.2}{Subtraction}{section.8.2}% 90
\BOOKMARK [2][-]{subsection.8.2.3}{Multiplication}{section.8.2}% 91
\BOOKMARK [2][-]{subsection.8.2.4}{Complex conjugate}{section.8.2}% 92
\BOOKMARK [2][-]{subsection.8.2.5}{Division}{section.8.2}% 93
\BOOKMARK [1][-]{section.8.3}{Polar form}{chapter.8}% 94
\BOOKMARK [2][-]{subsection.8.3.1}{Complex numbers as vectors}{section.8.3}% 95
\BOOKMARK [2][-]{subsection.8.3.2}{Definition}{section.8.3}% 96
\BOOKMARK [2][-]{subsection.8.3.3}{Conversion between polar form and standard form}{section.8.3}% 97
\BOOKMARK [2][-]{subsection.8.3.4}{Operations}{section.8.3}% 98
\BOOKMARK [1][-]{section.8.4}{Complex valued functions}{chapter.8}% 99
\BOOKMARK [2][-]{subsection.8.4.1}{Complex conjugate}{section.8.4}% 100
\BOOKMARK [2][-]{subsection.8.4.2}{Derivative}{section.8.4}% 101
\BOOKMARK [1][-]{section.8.5}{Complex exponential}{chapter.8}% 102
\BOOKMARK [2][-]{subsection.8.5.1}{Properties}{section.8.5}% 103
\BOOKMARK [2][-]{subsection.8.5.2}{Roots of a complex number}{section.8.5}% 104
\BOOKMARK [0][-]{chapter.9}{Partial derivatives}{part.4}% 105
\BOOKMARK [1][-]{section.9.1}{First order derivatives}{chapter.9}% 106
\BOOKMARK [2][-]{subsection.9.1.1}{Differentiability}{section.9.1}% 107
\BOOKMARK [2][-]{subsection.9.1.2}{Tangent plane}{section.9.1}% 108
\BOOKMARK [2][-]{subsection.9.1.3}{Determine if a function is differentiable}{section.9.1}% 109
\BOOKMARK [1][-]{section.9.2}{Higher order derivatives}{chapter.9}% 110
\BOOKMARK [2][-]{subsection.9.2.1}{Schwartz's theorem}{section.9.2}% 111
\BOOKMARK [1][-]{section.9.3}{Differential equation}{chapter.9}% 112
\BOOKMARK [0][-]{chapter.10}{Differential operators}{part.4}% 113
\BOOKMARK [1][-]{section.10.1}{Definition}{chapter.10}% 114
\BOOKMARK [1][-]{section.10.2}{Properties}{chapter.10}% 115
\BOOKMARK [2][-]{subsection.10.2.1}{Sum and difference}{section.10.2}% 116
\BOOKMARK [2][-]{subsection.10.2.2}{Product}{section.10.2}% 117
\BOOKMARK [2][-]{subsection.10.2.3}{Power}{section.10.2}% 118
\BOOKMARK [2][-]{subsection.10.2.4}{Equality}{section.10.2}% 119
\BOOKMARK [2][-]{subsection.10.2.5}{Identity operator}{section.10.2}% 120
\BOOKMARK [2][-]{subsection.10.2.6}{Commutability}{section.10.2}% 121
\BOOKMARK [2][-]{subsection.10.2.7}{Linearity}{section.10.2}% 122
\BOOKMARK [1][-]{section.10.3}{Gradient, divergence and curl}{chapter.10}% 123
\BOOKMARK [2][-]{subsection.10.3.1}{Nabla operator}{section.10.3}% 124
\BOOKMARK [2][-]{subsection.10.3.2}{Scalar fields and vector fields}{section.10.3}% 125
\BOOKMARK [2][-]{subsection.10.3.3}{Gradient}{section.10.3}% 126
\BOOKMARK [2][-]{subsection.10.3.4}{Divergence}{section.10.3}% 127
\BOOKMARK [2][-]{subsection.10.3.5}{Curl}{section.10.3}% 128
\BOOKMARK [2][-]{subsection.10.3.6}{Properties}{section.10.3}% 129
\BOOKMARK [2][-]{subsection.10.3.7}{Laplacian}{section.10.3}% 130
\BOOKMARK [1][-]{section.10.4}{Hessian matrix: maxima and minima}{chapter.10}% 131
\BOOKMARK [1][-]{section.10.5}{Jacobian matrix}{chapter.10}% 132
\BOOKMARK [1][-]{section.10.6}{Chain rule}{chapter.10}% 133
\BOOKMARK [2][-]{subsection.10.6.1}{Gradient in polar coordinates}{section.10.6}% 134
\BOOKMARK [0][-]{chapter.11}{Spherical coordinates}{part.4}% 135
\BOOKMARK [1][-]{section.11.1}{Definition}{chapter.11}% 136
\BOOKMARK [1][-]{section.11.2}{The sphere volume}{chapter.11}% 137
\BOOKMARK [0][-]{chapter.12}{Multidimensional integrals}{part.4}% 138
\BOOKMARK [1][-]{section.12.1}{Definition}{chapter.12}% 139
\BOOKMARK [1][-]{section.12.2}{Properties}{chapter.12}% 140
\BOOKMARK [2][-]{subsection.12.2.1}{Integrability}{section.12.2}% 141
\BOOKMARK [2][-]{subsection.12.2.2}{Order of integration}{section.12.2}% 142
\BOOKMARK [2][-]{subsection.12.2.3}{x-simple and y-simple domains}{section.12.2}% 143
\BOOKMARK [2][-]{subsection.12.2.4}{Change of variables}{section.12.2}% 144
\BOOKMARK [0][-]{chapter.13}{Wave equations}{part.4}% 145
\BOOKMARK [1][-]{section.13.1}{Definition}{chapter.13}% 146
\BOOKMARK [2][-]{subsection.13.1.1}{Three-dimensional case}{section.13.1}% 147
\BOOKMARK [1][-]{section.13.2}{Plane waves}{chapter.13}% 148
\BOOKMARK [0][-]{chapter.14}{Hilbert spaces}{part.4}% 149
\BOOKMARK [1][-]{section.14.1}{From vector to hilbert spaces}{chapter.14}% 150
\BOOKMARK [2][-]{subsection.14.1.1}{Definition}{section.14.1}% 151
\BOOKMARK [2][-]{subsection.14.1.2}{Complete orthonormal bases}{section.14.1}% 152
\BOOKMARK [2][-]{subsection.14.1.3}{Operators}{section.14.1}% 153
\BOOKMARK [1][-]{section.14.2}{Spectral theorem}{chapter.14}% 154
\BOOKMARK [2][-]{subsection.14.2.1}{Adjoint}{section.14.2}% 155
\BOOKMARK [2][-]{subsection.14.2.2}{Statement of the spectral theorem}{section.14.2}% 156
\BOOKMARK [2][-]{subsection.14.2.3}{Corollaries}{section.14.2}% 157
\BOOKMARK [1][-]{section.14.3}{Fourier transform}{chapter.14}% 158
=======
\BOOKMARK [-1][-]{part.1}{\376\377\000I\000\040\000Q\000u\000a\000n\000t\000u\000m\000\040\000m\000e\000c\000h\000a\000n\000i\000c\000s}{}% 1
\BOOKMARK [0][-]{chapter.1}{\376\377\000R\000e\000v\000i\000s\000i\000t\000i\000n\000g\000\040\000c\000l\000a\000s\000s\000i\000c\000a\000l\000\040\000m\000e\000c\000h\000a\000n\000i\000c\000s}{part.1}% 2
\BOOKMARK [1][-]{section.1.1}{\376\377\000P\000h\000y\000s\000i\000c\000a\000l\000\040\000t\000h\000e\000o\000r\000i\000e\000s}{chapter.1}% 3
\BOOKMARK [2][-]{subsection.1.1.1}{\376\377\000E\000x\000p\000e\000r\000i\000m\000e\000n\000t}{section.1.1}% 4
\BOOKMARK [2][-]{subsection.1.1.2}{\376\377\000D\000e\000f\000i\000n\000i\000t\000i\000o\000n}{section.1.1}% 5
\BOOKMARK [1][-]{section.1.2}{\376\377\000C\000l\000a\000s\000s\000i\000c\000a\000l\000\040\000m\000e\000c\000h\000a\000n\000i\000c\000s}{chapter.1}% 6
\BOOKMARK [2][-]{subsection.1.2.1}{\376\377\000N\000e\000w\000t\000o\000n\000i\000a\000n\000\040\000m\000e\000c\000h\000a\000n\000i\000c\000s}{section.1.2}% 7
\BOOKMARK [2][-]{subsection.1.2.2}{\376\377\000E\000x\000a\000m\000p\000l\000e\000\040\000-\000\040\000p\000o\000i\000n\000t\000\040\000p\000a\000r\000t\000i\000c\000l\000e\000\040\000m\000o\000v\000i\000n\000g\000\040\000i\000n\000\040\0001\000D\000\040\000a\000n\000d\000\040\000s\000u\000b\000j\000e\000c\000t\000\040\000t\000o\000\040\000a\000n\000\040\000h\000a\000r\000m\000o\000n\000i\000c\000\040\000f\000o\000r\000c\000e}{section.1.2}% 8
\BOOKMARK [2][-]{subsection.1.2.3}{\376\377\000P\000h\000a\000s\000e\000-\000s\000p\000a\000c\000e}{section.1.2}% 9
\BOOKMARK [2][-]{subsection.1.2.4}{\376\377\000S\000y\000s\000t\000e\000m\000s\000\040\000i\000n\000\040\000t\000h\000r\000e\000e\000\040\000d\000i\000m\000e\000n\000s\000i\000o\000n\000\040\000a\000n\000d\000\040\000w\000i\000t\000h\000\040\000m\000o\000r\000e\000\040\000t\000h\000a\000n\000\040\000o\000n\000e\000\040\000p\000a\000r\000t\000i\000c\000l\000e}{section.1.2}% 10
\BOOKMARK [2][-]{subsection.1.2.5}{\376\377\000W\000o\000r\000k\000\040\000a\000n\000d\000\040\000e\000n\000e\000r\000g\000y}{section.1.2}% 11
\BOOKMARK [2][-]{subsection.1.2.6}{\376\377\000C\000o\000n\000s\000e\000r\000v\000a\000t\000i\000o\000n\000\040\000o\000f\000\040\000m\000e\000c\000h\000a\000n\000i\000c\000a\000l\000\040\000e\000n\000e\000r\000g\000y}{section.1.2}% 12
\BOOKMARK [2][-]{subsection.1.2.7}{\376\377\000A\000n\000g\000u\000l\000a\000r\000\040\000m\000o\000m\000e\000n\000t\000u\000m\000\040\000c\000o\000n\000s\000e\000r\000v\000a\000t\000i\000o\000n}{section.1.2}% 13
\BOOKMARK [1][-]{section.1.3}{\376\377\000C\000l\000a\000s\000s\000i\000c\000a\000l\000\040\000t\000h\000e\000o\000r\000y\000\040\000o\000f\000\040\000t\000h\000e\000\040\000h\000y\000d\000r\000o\000g\000e\000n\000\040\000a\000t\000o\000m}{chapter.1}% 14
\BOOKMARK [2][-]{subsection.1.3.1}{\376\377\000M\000e\000c\000h\000a\000n\000i\000c\000a\000l\000\040\000e\000n\000e\000r\000g\000y\000\040\000i\000n\000\040\000p\000o\000l\000a\000r\000\040\000c\000o\000o\000r\000d\000i\000n\000a\000t\000e\000s}{section.1.3}% 15
\BOOKMARK [2][-]{subsection.1.3.2}{\376\377\000C\000a\000s\000e\000\040\0001\000\040\000-\000\040\000E\000>\0000}{section.1.3}% 16
\BOOKMARK [2][-]{subsection.1.3.3}{\376\377\000C\000a\000s\000e\000\040\0002\000\040\000-\000\040\000E\000<\0000}{section.1.3}% 17
\BOOKMARK [2][-]{subsection.1.3.4}{\376\377\000C\000o\000n\000c\000l\000u\000s\000i\000o\000n}{section.1.3}% 18
\BOOKMARK [1][-]{section.1.4}{\376\377\000H\000a\000m\000i\000l\000t\000o\000n\000i\000a\000n\000\040\000f\000o\000r\000m\000u\000l\000a\000t\000i\000o\000n\000\040\000o\000f\000\040\000m\000e\000c\000h\000a\000n\000i\000c\000s}{chapter.1}% 19
\BOOKMARK [2][-]{subsection.1.4.1}{\376\377\000H\000a\000m\000i\000l\000t\000o\000n\000'\000s\000\040\000t\000h\000e\000o\000r\000y}{section.1.4}% 20
\BOOKMARK [2][-]{subsection.1.4.2}{\376\377\000H\000a\000m\000i\000l\000t\000o\000n\000'\000s\000\040\000e\000q\000u\000a\000t\000i\000o\000n\000s}{section.1.4}% 21
\BOOKMARK [2][-]{subsection.1.4.3}{\376\377\000H\000a\000r\000m\000o\000n\000i\000c\000\040\000o\000s\000c\000i\000l\000l\000a\000t\000o\000r}{section.1.4}% 22
\BOOKMARK [0][-]{chapter.2}{\376\377\000B\000r\000e\000a\000k\000d\000o\000w\000n\000\040\000o\000f\000\040\000c\000l\000a\000s\000s\000i\000c\000a\000l\000\040\000m\000e\000c\000h\000a\000n\000i\000c\000s}{part.1}% 23
\BOOKMARK [1][-]{section.2.1}{\376\377\000T\000h\000e\000\040\000f\000a\000l\000l\000\040\000o\000f\000\040\000d\000e\000t\000e\000r\000m\000i\000n\000i\000s\000m}{chapter.2}% 24
\BOOKMARK [2][-]{subsection.2.1.1}{\376\377\000D\000o\000u\000b\000l\000e\000\040\000s\000l\000i\000t\000\040\000e\000x\000p\000e\000r\000i\000m\000e\000n\000t}{section.2.1}% 25
\BOOKMARK [1][-]{section.2.2}{\376\377\000T\000h\000e\000\040\000p\000h\000o\000t\000o\000e\000l\000e\000c\000t\000r\000i\000c\000\040\000e\000f\000f\000e\000c\000t}{chapter.2}% 26
\BOOKMARK [2][-]{subsection.2.2.1}{\376\377\000E\000x\000p\000e\000r\000i\000m\000e\000n\000t\000a\000l\000\040\000f\000i\000n\000d\000i\000n\000g\000s}{section.2.2}% 27
\BOOKMARK [2][-]{subsection.2.2.2}{\376\377\000C\000o\000n\000c\000l\000u\000s\000i\000o\000n\000s}{section.2.2}% 28
\BOOKMARK [1][-]{section.2.3}{\376\377\000Q\000u\000a\000n\000t\000i\000z\000a\000t\000i\000o\000n\000\040\000a\000n\000d\000\040\000a\000t\000o\000m\000i\000c\000\040\000s\000p\000e\000c\000t\000r\000a}{chapter.2}% 29
\BOOKMARK [2][-]{subsection.2.3.1}{\376\377\000E\000x\000p\000e\000r\000i\000m\000e\000n\000t}{section.2.3}% 30
\BOOKMARK [2][-]{subsection.2.3.2}{\376\377\000F\000i\000n\000d\000i\000n\000g}{section.2.3}% 31
\BOOKMARK [2][-]{subsection.2.3.3}{\376\377\000C\000o\000n\000c\000l\000u\000s\000i\000o\000n}{section.2.3}% 32
\BOOKMARK [1][-]{section.2.4}{\376\377\000S\000t\000e\000r\000n\000\040\000G\000e\000r\000l\000a\000c\000h\000\040\000e\000x\000p\000e\000r\000i\000m\000e\000n\000t}{chapter.2}% 33
\BOOKMARK [2][-]{subsection.2.4.1}{\376\377\000E\000x\000p\000e\000r\000i\000m\000e\000n\000t}{section.2.4}% 34
\BOOKMARK [2][-]{subsection.2.4.2}{\376\377\000F\000i\000n\000d\000i\000n\000g}{section.2.4}% 35
\BOOKMARK [2][-]{subsection.2.4.3}{\376\377\000C\000o\000n\000c\000l\000u\000s\000i\000o\000n}{section.2.4}% 36
\BOOKMARK [1][-]{section.2.5}{\376\377\000F\000i\000n\000d\000i\000n\000g\000\040\000t\000h\000e\000\040\000S\000c\000h\000r\000\366\000e\000d\000i\000n\000g\000e\000r\000\040\000e\000q\000u\000a\000t\000i\000o\000n}{chapter.2}% 37
\BOOKMARK [2][-]{subsection.2.5.1}{\376\377\000F\000r\000e\000e\000\040\000p\000a\000r\000t\000i\000c\000l\000e\000\040\000S\000c\000h\000r\000\366\000e\000d\000i\000n\000g\000e\000r\000\040\000e\000q\000u\000a\000t\000i\000o\000n}{section.2.5}% 38
\BOOKMARK [2][-]{subsection.2.5.2}{\376\377\000C\000o\000m\000p\000l\000e\000t\000e\000\040\000S\000c\000h\000r\000\366\000e\000d\000i\000n\000g\000e\000r\000\040\000e\000q\000u\000a\000t\000i\000o\000n}{section.2.5}% 39
\BOOKMARK [0][-]{chapter.3}{\376\377\000W\000a\000v\000e\000s\000\040\000o\000f\000\040\000m\000a\000t\000t\000e\000r}{part.1}% 40
\BOOKMARK [1][-]{section.3.1}{\376\377\000T\000h\000e\000\040\000S\000c\000h\000r\000\366\000d\000i\000n\000g\000e\000r\000\040\000e\000q\000u\000a\000t\000i\000o\000n}{chapter.3}% 41
\BOOKMARK [2][-]{subsection.3.1.1}{\376\377\000D\000o\000u\000b\000l\000e\000-\000s\000l\000i\000t\000\040\000e\000x\000p\000e\000r\000i\000m\000e\000n\000t}{section.3.1}% 42
\BOOKMARK [2][-]{subsection.3.1.2}{\376\377\000M\000a\000i\000n\000\040\000a\000s\000s\000u\000m\000p\000t\000i\000o\000n}{section.3.1}% 43
\BOOKMARK [2][-]{subsection.3.1.3}{\376\377\000D\000e\000f\000i\000n\000i\000n\000g\000\040\000t\000h\000e\000\040\000S\000c\000h\000r\000\366\000e\000d\000i\000n\000g\000e\000r\000\040\000e\000q\000u\000a\000t\000i\000o\000n}{section.3.1}% 44
\BOOKMARK [1][-]{section.3.2}{\376\377\000S\000t\000a\000t\000i\000o\000n\000a\000r\000y\000\040\000S\000c\000h\000r\000\366\000e\000d\000i\000n\000g\000e\000r\000\040\000e\000q\000u\000a\000t\000i\000o\000n}{chapter.3}% 45
\BOOKMARK [1][-]{section.3.3}{\376\377\000G\000r\000o\000u\000n\000d\000\040\000s\000t\000a\000t\000e\000\040\000o\000f\000\040\000t\000h\000e\000\040\000q\000u\000a\000n\000t\000u\000m\000\040\000h\000a\000r\000m\000o\000n\000i\000c\000\040\000o\000s\000c\000i\000l\000l\000a\000t\000o\000r}{chapter.3}% 46
\BOOKMARK [2][-]{subsection.3.3.1}{\376\377\000F\000o\000r\000m\000\040\000o\000f\000\040\000t\000h\000e\000\040\000g\000r\000o\000u\000n\000d\000\040\000s\000t\000a\000t\000e}{section.3.3}% 47
\BOOKMARK [2][-]{subsection.3.3.2}{\376\377\000S\000o\000l\000u\000t\000i\000o\000n\000\040\000o\000f\000\040\000t\000h\000e\000\040\000g\000r\000o\000u\000n\000d\000\040\000s\000t\000a\000t\000e\000\040\000o\000f\000\040\000t\000h\000e\000\040\000q\000u\000a\000n\000t\000u\000m\000\040\000m\000e\000c\000h\000a\000n\000i\000c\000\040\000o\000s\000c\000i\000l\000l\000a\000t\000o\000r}{section.3.3}% 48
\BOOKMARK [1][-]{section.3.4}{\376\377\000Q\000u\000a\000n\000t\000u\000m\000\040\000p\000a\000r\000t\000i\000c\000l\000e\000\040\000i\000n\000\040\000a\000\040\000o\000n\000e\000\040\000d\000i\000m\000e\000n\000s\000i\000o\000n\000a\000l\000\040\000i\000n\000f\000i\000n\000i\000t\000e\000\040\000s\000q\000u\000a\000r\000e\000\040\000w\000e\000l\000l}{chapter.3}% 49
\BOOKMARK [2][-]{subsection.3.4.1}{\376\377\000S\000o\000l\000u\000t\000i\000o\000n}{section.3.4}% 50
\BOOKMARK [2][-]{subsection.3.4.2}{\376\377\000D\000i\000s\000c\000u\000s\000s\000i\000o\000n}{section.3.4}% 51
\BOOKMARK [1][-]{section.3.5}{\376\377\000T\000w\000o\000\040\000d\000i\000m\000e\000n\000s\000i\000o\000n\000a\000l\000\040\000s\000q\000u\000a\000r\000e\000\040\000w\000e\000l\000l}{chapter.3}% 52
\BOOKMARK [2][-]{subsection.3.5.1}{\376\377\000S\000o\000l\000u\000t\000i\000o\000n}{section.3.5}% 53
\BOOKMARK [1][-]{section.3.6}{\376\377\000L\000a\000t\000t\000i\000c\000e\000\040\000d\000i\000s\000c\000r\000e\000t\000i\000z\000a\000t\000i\000o\000n}{chapter.3}% 54
\BOOKMARK [2][-]{subsection.3.6.1}{\376\377\000D\000i\000s\000c\000r\000e\000t\000e\000\040\000r\000e\000p\000r\000e\000s\000e\000n\000t\000a\000t\000i\000o\000n\000\040\000o\000f\000\040\000t\000h\000e\000\040\000d\000e\000r\000i\000v\000a\000t\000i\000v\000e}{section.3.6}% 55
\BOOKMARK [1][-]{section.3.7}{\376\377\000T\000i\000m\000e\000\040\000e\000v\000o\000l\000u\000t\000i\000o\000n\000\040\000o\000p\000e\000r\000a\000t\000o\000r\000s}{chapter.3}% 56
\BOOKMARK [0][-]{chapter.4}{\376\377\000Q\000u\000a\000n\000t\000u\000m\000\040\000m\000e\000c\000h\000a\000n\000i\000c\000s}{part.1}% 57
\BOOKMARK [1][-]{section.4.1}{\376\377\000S\000t\000a\000t\000e\000\040\000o\000f\000\040\000a\000\040\000s\000y\000s\000t\000e\000m}{chapter.4}% 58
\BOOKMARK [1][-]{section.4.2}{\376\377\000O\000b\000s\000e\000r\000v\000a\000b\000l\000e\000\040\000q\000u\000a\000n\000t\000i\000t\000i\000e\000s}{chapter.4}% 59
\BOOKMARK [1][-]{section.4.3}{\376\377\000O\000u\000t\000c\000o\000m\000e\000s\000\040\000o\000f\000\040\000m\000e\000a\000s\000u\000r\000e\000m\000e\000n\000t}{chapter.4}% 60
\BOOKMARK [1][-]{section.4.4}{\376\377\000E\000x\000p\000e\000c\000t\000a\000t\000i\000o\000n\000\040\000v\000a\000l\000u\000e}{chapter.4}% 61
\BOOKMARK [1][-]{section.4.5}{\376\377\000T\000i\000m\000e\000\040\000e\000v\000o\000l\000u\000t\000i\000o\000n}{chapter.4}% 62
\BOOKMARK [-1][-]{part.2}{\376\377\000I\000I\000\040\000Q\000u\000a\000n\000t\000u\000m\000\040\000c\000h\000e\000m\000i\000s\000t\000r\000y}{}% 63
\BOOKMARK [0][-]{chapter.5}{\376\377\000A\000p\000p\000r\000o\000x\000i\000m\000a\000t\000i\000o\000n\000\040\000m\000e\000t\000h\000o\000d\000s}{part.2}% 64
\BOOKMARK [1][-]{section.5.1}{\376\377\000T\000r\000u\000n\000c\000a\000t\000e\000d\000\040\000e\000i\000g\000e\000n\000s\000t\000a\000t\000e\000\040\000e\000x\000p\000a\000n\000s\000i\000o\000n\000\040\000\050\000G\000e\000n\000e\000r\000a\000l\000i\000z\000e\000d\000\040\000F\000o\000u\000r\000i\000e\000r\000\051}{chapter.5}% 65
\BOOKMARK [2][-]{subsection.5.1.1}{\376\377\000T\000h\000e\000\040\000a\000r\000t\000\040\000o\000f\000\040\000a\000p\000p\000r\000o\000x\000i\000m\000a\000t\000i\000o\000n}{section.5.1}% 66
\BOOKMARK [1][-]{section.5.2}{\376\377\000Q\000u\000a\000n\000t\000u\000m\000\040\000t\000u\000n\000n\000e\000l\000i\000n\000g\000\040\000-\000\040\000T\000h\000e\000\040\000L\000a\000n\000d\000a\000u\000\040\000p\000r\000o\000b\000l\000e\000m\000\040\000-\000T\000h\000e\000\040\000a\000s\000s\000\040\000p\000r\000o\000b\000l\000e\000m}{chapter.5}% 67
\BOOKMARK [1][-]{section.5.3}{\376\377\000R\000i\000t\000z\000-\000R\000a\000y\000l\000e\000i\000g\000h\000\040\000v\000a\000r\000i\000a\000t\000i\000o\000n\000a\000l\000\040\000p\000r\000i\000n\000c\000i\000p\000l\000e}{chapter.5}% 68
\BOOKMARK [0][-]{chapter.6}{\376\377\000A\000t\000o\000m\000i\000c\000\040\000p\000h\000y\000s\000i\000c\000s}{part.2}% 69
\BOOKMARK [1][-]{section.6.1}{\376\377\000Q\000u\000a\000n\000t\000u\000m\000\040\000t\000h\000e\000o\000r\000y\000\040\000o\000f\000\040\000t\000h\000e\000\040\000H\000y\000d\000r\000o\000g\000e\000n\000\040\000a\000t\000o\000m}{chapter.6}% 70
\BOOKMARK [2][-]{subsection.6.1.1}{\376\377\000E\000v\000a\000l\000u\000a\000t\000i\000o\000n\000\040\000o\000f\000\040\000c\000o\000n\000s\000e\000r\000v\000a\000t\000i\000o\000n\000\040\000o\000f\000\040\000e\000n\000e\000r\000g\000y}{section.6.1}% 71
\BOOKMARK [2][-]{subsection.6.1.2}{\376\377\000A\000n\000g\000u\000l\000a\000r\000\040\000m\000o\000m\000e\000n\000t\000u\000m\000\040\000c\000o\000n\000s\000e\000r\000v\000a\000t\000i\000o\000n}{section.6.1}% 72
\BOOKMARK [1][-]{section.6.2}{\376\377\000R\000e\000l\000a\000t\000i\000o\000n\000\040\000b\000e\000t\000w\000e\000e\000n\000\040\000s\000p\000i\000n\000\040\000a\000n\000d\000\040\000s\000t\000a\000t\000i\000s\000t\000i\000c\000s\000:\000\040\000Q\000u\000a\000n\000t\000u\000m\000\040\000m\000a\000n\000y\000-\000b\000o\000d\000y\000\040\000s\000y\000s\000t\000e\000m\000s}{chapter.6}% 73
\BOOKMARK [2][-]{subsection.6.2.1}{\376\377\000T\000h\000e\000\040\000i\000m\000p\000o\000r\000t\000a\000n\000c\000e\000\040\000o\000f\000\040\000s\000p\000i\000n}{section.6.2}% 74
\BOOKMARK [2][-]{subsection.6.2.2}{\376\377\000S\000p\000i\000n\000-\000S\000t\000a\000t\000i\000s\000t\000i\000c\000s\000\040\000t\000h\000e\000o\000r\000e\000m}{section.6.2}% 75
\BOOKMARK [2][-]{subsection.6.2.3}{\376\377\000M\000e\000a\000n\000\040\000F\000i\000e\000l\000d\000\040\000A\000p\000p\000r\000o\000x\000i\000m\000a\000t\000i\000o\000n}{section.6.2}% 76
\BOOKMARK [2][-]{subsection.6.2.4}{\376\377\000Q\000u\000a\000n\000t\000u\000m\000\040\000E\000n\000t\000a\000n\000g\000l\000e\000m\000e\000n\000t}{section.6.2}% 77
\BOOKMARK [2][-]{subsection.6.2.5}{\376\377\000T\000e\000n\000s\000o\000r\000\040\000p\000r\000o\000d\000u\000c\000t\000\040\000s\000t\000a\000t\000e\000s}{section.6.2}% 78
\BOOKMARK [0][-]{chapter.7}{\376\377\000M\000o\000l\000e\000c\000u\000l\000a\000r\000\040\000p\000h\000y\000s\000i\000c\000s}{part.2}% 79
\BOOKMARK [1][-]{section.7.1}{\376\377\000T\000h\000e\000\040\000B\000o\000r\000n\000-\000O\000p\000p\000e\000n\000h\000e\000i\000m\000e\000r\000\040\000A\000p\000p\000r\000o\000x\000i\000m\000a\000t\000i\000o\000n}{chapter.7}% 80
\BOOKMARK [1][-]{section.7.2}{\376\377\000T\000h\000e\000\040\000H\0002\000\040\000m\000o\000l\000e\000c\000u\000l\000e}{chapter.7}% 81
\BOOKMARK [1][-]{section.7.3}{\376\377\000E\000l\000e\000c\000t\000r\000o\000n\000i\000c\000\040\000s\000t\000r\000u\000c\000t\000u\000r\000e\000\040\000c\000a\000l\000c\000u\000l\000a\000t\000i\000o\000n\000\040\000m\000e\000t\000h\000o\000d\000s}{chapter.7}% 82
\BOOKMARK [2][-]{subsection.7.3.1}{\376\377\000D\000e\000n\000s\000i\000t\000y\000\040\000F\000u\000n\000c\000t\000i\000o\000n\000\040\000T\000h\000e\000o\000r\000y\000\040\000\050\000D\000F\000T\000\051}{section.7.3}% 83
\BOOKMARK [2][-]{subsection.7.3.2}{\376\377\000Q\000M\000-\000M\000M\000\040\000S\000c\000h\000e\000m\000e\000s}{section.7.3}% 84
\BOOKMARK [-1][-]{part.3}{\376\377\000I\000I\000I\000\040\000Q\000u\000a\000n\000t\000u\000m\000\040\000c\000o\000m\000p\000u\000t\000i\000n\000g}{}% 85
\BOOKMARK [0][-]{chapter.8}{\376\377\000Q\000u\000a\000n\000t\000u\000m\000\040\000c\000o\000m\000p\000u\000t\000i\000n\000g}{part.3}% 86
\BOOKMARK [1][-]{section.8.1}{\376\377\000Q\000u\000b\000i\000t\000s}{chapter.8}% 87
\BOOKMARK [2][-]{subsection.8.1.1}{\376\377\000A\000d\000i\000a\000b\000a\000t\000i\000c\000\040\000Q\000u\000a\000n\000t\000u\000m\000\040\000C\000o\000m\000p\000u\000t\000i\000n\000g}{section.8.1}% 88
\BOOKMARK [1][-]{section.8.2}{\376\377\000T\000w\000o\000\040\000q\000u\000b\000i\000t\000s\000\040\000s\000y\000s\000t\000e\000m}{chapter.8}% 89
\BOOKMARK [1][-]{section.8.3}{\376\377\000Q\000u\000a\000n\000t\000u\000m\000\040\000c\000i\000r\000c\000u\000i\000t\000s}{chapter.8}% 90
\BOOKMARK [1][-]{section.8.4}{\376\377\000T\000h\000e\000\040\000E\000l\000i\000t\000z\000u\000r\000-\000V\000a\000i\000d\000m\000a\000n\000\040\000b\000o\000m\000b\000\040\000t\000e\000s\000t\000e\000r}{chapter.8}% 91
\BOOKMARK [-1][-]{part.4}{\376\377\000I\000V\000\040\000M\000a\000t\000h\000e\000m\000a\000t\000i\000c\000a\000l\000\040\000B\000a\000c\000k\000g\000r\000o\000u\000n\000d}{}% 92
\BOOKMARK [0][-]{chapter.9}{\376\377\000C\000o\000m\000p\000l\000e\000x\000\040\000n\000u\000m\000b\000e\000r\000s}{part.4}% 93
\BOOKMARK [1][-]{section.9.1}{\376\377\000A\000r\000g\000a\000n\000d\000\040\000p\000l\000a\000n\000e}{chapter.9}% 94
\BOOKMARK [1][-]{section.9.2}{\376\377\000O\000p\000e\000r\000a\000t\000i\000o\000n\000s}{chapter.9}% 95
\BOOKMARK [2][-]{subsection.9.2.1}{\376\377\000A\000d\000d\000i\000t\000i\000o\000n}{section.9.2}% 96
\BOOKMARK [2][-]{subsection.9.2.2}{\376\377\000S\000u\000b\000t\000r\000a\000c\000t\000i\000o\000n}{section.9.2}% 97
\BOOKMARK [2][-]{subsection.9.2.3}{\376\377\000M\000u\000l\000t\000i\000p\000l\000i\000c\000a\000t\000i\000o\000n}{section.9.2}% 98
\BOOKMARK [2][-]{subsection.9.2.4}{\376\377\000C\000o\000m\000p\000l\000e\000x\000\040\000c\000o\000n\000j\000u\000g\000a\000t\000e}{section.9.2}% 99
\BOOKMARK [2][-]{subsection.9.2.5}{\376\377\000D\000i\000v\000i\000s\000i\000o\000n}{section.9.2}% 100
\BOOKMARK [1][-]{section.9.3}{\376\377\000P\000o\000l\000a\000r\000\040\000f\000o\000r\000m}{chapter.9}% 101
\BOOKMARK [2][-]{subsection.9.3.1}{\376\377\000C\000o\000m\000p\000l\000e\000x\000\040\000n\000u\000m\000b\000e\000r\000s\000\040\000a\000s\000\040\000v\000e\000c\000t\000o\000r\000s}{section.9.3}% 102
\BOOKMARK [2][-]{subsection.9.3.2}{\376\377\000D\000e\000f\000i\000n\000i\000t\000i\000o\000n}{section.9.3}% 103
\BOOKMARK [2][-]{subsection.9.3.3}{\376\377\000C\000o\000n\000v\000e\000r\000s\000i\000o\000n\000\040\000b\000e\000t\000w\000e\000e\000n\000\040\000p\000o\000l\000a\000r\000\040\000f\000o\000r\000m\000\040\000a\000n\000d\000\040\000s\000t\000a\000n\000d\000a\000r\000d\000\040\000f\000o\000r\000m}{section.9.3}% 104
\BOOKMARK [2][-]{subsection.9.3.4}{\376\377\000O\000p\000e\000r\000a\000t\000i\000o\000n\000s}{section.9.3}% 105
\BOOKMARK [1][-]{section.9.4}{\376\377\000C\000o\000m\000p\000l\000e\000x\000\040\000v\000a\000l\000u\000e\000d\000\040\000f\000u\000n\000c\000t\000i\000o\000n\000s}{chapter.9}% 106
\BOOKMARK [2][-]{subsection.9.4.1}{\376\377\000C\000o\000m\000p\000l\000e\000x\000\040\000c\000o\000n\000j\000u\000g\000a\000t\000e}{section.9.4}% 107
\BOOKMARK [2][-]{subsection.9.4.2}{\376\377\000D\000e\000r\000i\000v\000a\000t\000i\000v\000e}{section.9.4}% 108
\BOOKMARK [1][-]{section.9.5}{\376\377\000C\000o\000m\000p\000l\000e\000x\000\040\000e\000x\000p\000o\000n\000e\000n\000t\000i\000a\000l}{chapter.9}% 109
\BOOKMARK [2][-]{subsection.9.5.1}{\376\377\000P\000r\000o\000p\000e\000r\000t\000i\000e\000s}{section.9.5}% 110
\BOOKMARK [2][-]{subsection.9.5.2}{\376\377\000R\000o\000o\000t\000s\000\040\000o\000f\000\040\000a\000\040\000c\000o\000m\000p\000l\000e\000x\000\040\000n\000u\000m\000b\000e\000r}{section.9.5}% 111
\BOOKMARK [0][-]{chapter.10}{\376\377\000P\000a\000r\000t\000i\000a\000l\000\040\000d\000e\000r\000i\000v\000a\000t\000i\000v\000e\000s}{part.4}% 112
\BOOKMARK [1][-]{section.10.1}{\376\377\000F\000i\000r\000s\000t\000\040\000o\000r\000d\000e\000r\000\040\000d\000e\000r\000i\000v\000a\000t\000i\000v\000e\000s}{chapter.10}% 113
\BOOKMARK [2][-]{subsection.10.1.1}{\376\377\000D\000i\000f\000f\000e\000r\000e\000n\000t\000i\000a\000b\000i\000l\000i\000t\000y}{section.10.1}% 114
\BOOKMARK [2][-]{subsection.10.1.2}{\376\377\000T\000a\000n\000g\000e\000n\000t\000\040\000p\000l\000a\000n\000e}{section.10.1}% 115
\BOOKMARK [2][-]{subsection.10.1.3}{\376\377\000D\000e\000t\000e\000r\000m\000i\000n\000e\000\040\000i\000f\000\040\000a\000\040\000f\000u\000n\000c\000t\000i\000o\000n\000\040\000i\000s\000\040\000d\000i\000f\000f\000e\000r\000e\000n\000t\000i\000a\000b\000l\000e}{section.10.1}% 116
\BOOKMARK [1][-]{section.10.2}{\376\377\000H\000i\000g\000h\000e\000r\000\040\000o\000r\000d\000e\000r\000\040\000d\000e\000r\000i\000v\000a\000t\000i\000v\000e\000s}{chapter.10}% 117
\BOOKMARK [2][-]{subsection.10.2.1}{\376\377\000S\000c\000h\000w\000a\000r\000t\000z\000'\000s\000\040\000t\000h\000e\000o\000r\000e\000m}{section.10.2}% 118
\BOOKMARK [1][-]{section.10.3}{\376\377\000D\000i\000f\000f\000e\000r\000e\000n\000t\000i\000a\000l\000\040\000e\000q\000u\000a\000t\000i\000o\000n}{chapter.10}% 119
\BOOKMARK [0][-]{chapter.11}{\376\377\000D\000i\000f\000f\000e\000r\000e\000n\000t\000i\000a\000l\000\040\000o\000p\000e\000r\000a\000t\000o\000r\000s}{part.4}% 120
\BOOKMARK [1][-]{section.11.1}{\376\377\000D\000e\000f\000i\000n\000i\000t\000i\000o\000n}{chapter.11}% 121
\BOOKMARK [1][-]{section.11.2}{\376\377\000P\000r\000o\000p\000e\000r\000t\000i\000e\000s}{chapter.11}% 122
\BOOKMARK [2][-]{subsection.11.2.1}{\376\377\000S\000u\000m\000\040\000a\000n\000d\000\040\000d\000i\000f\000f\000e\000r\000e\000n\000c\000e}{section.11.2}% 123
\BOOKMARK [2][-]{subsection.11.2.2}{\376\377\000P\000r\000o\000d\000u\000c\000t}{section.11.2}% 124
\BOOKMARK [2][-]{subsection.11.2.3}{\376\377\000P\000o\000w\000e\000r}{section.11.2}% 125
\BOOKMARK [2][-]{subsection.11.2.4}{\376\377\000E\000q\000u\000a\000l\000i\000t\000y}{section.11.2}% 126
\BOOKMARK [2][-]{subsection.11.2.5}{\376\377\000I\000d\000e\000n\000t\000i\000t\000y\000\040\000o\000p\000e\000r\000a\000t\000o\000r}{section.11.2}% 127
\BOOKMARK [2][-]{subsection.11.2.6}{\376\377\000C\000o\000m\000m\000u\000t\000a\000b\000i\000l\000i\000t\000y}{section.11.2}% 128
\BOOKMARK [2][-]{subsection.11.2.7}{\376\377\000L\000i\000n\000e\000a\000r\000i\000t\000y}{section.11.2}% 129
\BOOKMARK [1][-]{section.11.3}{\376\377\000G\000r\000a\000d\000i\000e\000n\000t\000,\000\040\000d\000i\000v\000e\000r\000g\000e\000n\000c\000e\000\040\000a\000n\000d\000\040\000c\000u\000r\000l}{chapter.11}% 130
\BOOKMARK [2][-]{subsection.11.3.1}{\376\377\000N\000a\000b\000l\000a\000\040\000o\000p\000e\000r\000a\000t\000o\000r}{section.11.3}% 131
\BOOKMARK [2][-]{subsection.11.3.2}{\376\377\000S\000c\000a\000l\000a\000r\000\040\000f\000i\000e\000l\000d\000s\000\040\000a\000n\000d\000\040\000v\000e\000c\000t\000o\000r\000\040\000f\000i\000e\000l\000d\000s}{section.11.3}% 132
\BOOKMARK [2][-]{subsection.11.3.3}{\376\377\000G\000r\000a\000d\000i\000e\000n\000t}{section.11.3}% 133
\BOOKMARK [2][-]{subsection.11.3.4}{\376\377\000D\000i\000v\000e\000r\000g\000e\000n\000c\000e}{section.11.3}% 134
\BOOKMARK [2][-]{subsection.11.3.5}{\376\377\000C\000u\000r\000l}{section.11.3}% 135
\BOOKMARK [2][-]{subsection.11.3.6}{\376\377\000P\000r\000o\000p\000e\000r\000t\000i\000e\000s}{section.11.3}% 136
\BOOKMARK [2][-]{subsection.11.3.7}{\376\377\000L\000a\000p\000l\000a\000c\000i\000a\000n}{section.11.3}% 137
\BOOKMARK [1][-]{section.11.4}{\376\377\000H\000e\000s\000s\000i\000a\000n\000\040\000m\000a\000t\000r\000i\000x\000:\000\040\000m\000a\000x\000i\000m\000a\000\040\000a\000n\000d\000\040\000m\000i\000n\000i\000m\000a}{chapter.11}% 138
\BOOKMARK [1][-]{section.11.5}{\376\377\000J\000a\000c\000o\000b\000i\000a\000n\000\040\000m\000a\000t\000r\000i\000x}{chapter.11}% 139
\BOOKMARK [1][-]{section.11.6}{\376\377\000C\000h\000a\000i\000n\000\040\000r\000u\000l\000e}{chapter.11}% 140
\BOOKMARK [2][-]{subsection.11.6.1}{\376\377\000G\000r\000a\000d\000i\000e\000n\000t\000\040\000i\000n\000\040\000p\000o\000l\000a\000r\000\040\000c\000o\000o\000r\000d\000i\000n\000a\000t\000e\000s}{section.11.6}% 141
\BOOKMARK [0][-]{chapter.12}{\376\377\000S\000p\000h\000e\000r\000i\000c\000a\000l\000\040\000c\000o\000o\000r\000d\000i\000n\000a\000t\000e\000s}{part.4}% 142
\BOOKMARK [1][-]{section.12.1}{\376\377\000D\000e\000f\000i\000n\000i\000t\000i\000o\000n}{chapter.12}% 143
\BOOKMARK [1][-]{section.12.2}{\376\377\000T\000h\000e\000\040\000s\000p\000h\000e\000r\000e\000\040\000v\000o\000l\000u\000m\000e}{chapter.12}% 144
\BOOKMARK [0][-]{chapter.13}{\376\377\000M\000u\000l\000t\000i\000d\000i\000m\000e\000n\000s\000i\000o\000n\000a\000l\000\040\000i\000n\000t\000e\000g\000r\000a\000l\000s}{part.4}% 145
\BOOKMARK [1][-]{section.13.1}{\376\377\000D\000e\000f\000i\000n\000i\000t\000i\000o\000n}{chapter.13}% 146
\BOOKMARK [1][-]{section.13.2}{\376\377\000P\000r\000o\000p\000e\000r\000t\000i\000e\000s}{chapter.13}% 147
\BOOKMARK [2][-]{subsection.13.2.1}{\376\377\000I\000n\000t\000e\000g\000r\000a\000b\000i\000l\000i\000t\000y}{section.13.2}% 148
\BOOKMARK [2][-]{subsection.13.2.2}{\376\377\000O\000r\000d\000e\000r\000\040\000o\000f\000\040\000i\000n\000t\000e\000g\000r\000a\000t\000i\000o\000n}{section.13.2}% 149
\BOOKMARK [2][-]{subsection.13.2.3}{\376\377\000x\000-\000s\000i\000m\000p\000l\000e\000\040\000a\000n\000d\000\040\000y\000-\000s\000i\000m\000p\000l\000e\000\040\000d\000o\000m\000a\000i\000n\000s}{section.13.2}% 150
\BOOKMARK [2][-]{subsection.13.2.4}{\376\377\000C\000h\000a\000n\000g\000e\000\040\000o\000f\000\040\000v\000a\000r\000i\000a\000b\000l\000e\000s}{section.13.2}% 151
\BOOKMARK [0][-]{chapter.14}{\376\377\000W\000a\000v\000e\000\040\000e\000q\000u\000a\000t\000i\000o\000n\000s}{part.4}% 152
\BOOKMARK [1][-]{section.14.1}{\376\377\000D\000e\000f\000i\000n\000i\000t\000i\000o\000n}{chapter.14}% 153
\BOOKMARK [2][-]{subsection.14.1.1}{\376\377\000T\000h\000r\000e\000e\000-\000d\000i\000m\000e\000n\000s\000i\000o\000n\000a\000l\000\040\000c\000a\000s\000e}{section.14.1}% 154
\BOOKMARK [1][-]{section.14.2}{\376\377\000P\000l\000a\000n\000e\000\040\000w\000a\000v\000e\000s}{chapter.14}% 155
\BOOKMARK [0][-]{chapter.15}{\376\377\000H\000i\000l\000b\000e\000r\000t\000\040\000s\000p\000a\000c\000e\000s}{part.4}% 156
\BOOKMARK [1][-]{section.15.1}{\376\377\000F\000r\000o\000m\000\040\000v\000e\000c\000t\000o\000r\000\040\000t\000o\000\040\000h\000i\000l\000b\000e\000r\000t\000\040\000s\000p\000a\000c\000e\000s}{chapter.15}% 157
\BOOKMARK [2][-]{subsection.15.1.1}{\376\377\000D\000e\000f\000i\000n\000i\000t\000i\000o\000n}{section.15.1}% 158
\BOOKMARK [2][-]{subsection.15.1.2}{\376\377\000C\000o\000m\000p\000l\000e\000t\000e\000\040\000o\000r\000t\000h\000o\000n\000o\000r\000m\000a\000l\000\040\000b\000a\000s\000e\000s}{section.15.1}% 159
\BOOKMARK [2][-]{subsection.15.1.3}{\376\377\000O\000p\000e\000r\000a\000t\000o\000r\000s}{section.15.1}% 160
\BOOKMARK [1][-]{section.15.2}{\376\377\000S\000p\000e\000c\000t\000r\000a\000l\000\040\000t\000h\000e\000o\000r\000e\000m}{chapter.15}% 161
\BOOKMARK [2][-]{subsection.15.2.1}{\376\377\000A\000d\000j\000o\000i\000n\000t}{section.15.2}% 162
\BOOKMARK [2][-]{subsection.15.2.2}{\376\377\000S\000t\000a\000t\000e\000m\000e\000n\000t\000\040\000o\000f\000\040\000t\000h\000e\000\040\000s\000p\000e\000c\000t\000r\000a\000l\000\040\000t\000h\000e\000o\000r\000e\000m}{section.15.2}% 163
\BOOKMARK [2][-]{subsection.15.2.3}{\376\377\000C\000o\000r\000o\000l\000l\000a\000r\000i\000e\000s}{section.15.2}% 164
\BOOKMARK [1][-]{section.15.3}{\376\377\000F\000o\000u\000r\000i\000e\000r\000\040\000t\000r\000a\000n\000s\000f\000o\000r\000m}{chapter.15}% 165
>>>>>>> upstream/master
