This is pdfTeX, Version 3.141592653-2.6-1.40.23 (TeX Live 2021/Arch Linux) (preloaded format=pdflatex 2022.1.26)  29 JAN 2022 15:16
entering extended mode
 restricted \write18 enabled.
 %&-line parsing enabled.
**principal.tex
(./principal.tex
LaTeX2e <2021-11-15> patch level 1
L3 programming layer <2021-11-22> (./prefix.tex
(/usr/share/texmf-dist/tex/latex/base/book.cls
Document Class: book 2021/10/04 v1.4n Standard LaTeX document class
(/usr/share/texmf-dist/tex/latex/base/bk10.clo
File: bk10.clo 2021/10/04 v1.4n Standard LaTeX file (size option)
)
\c@part=\count183
\c@chapter=\count184
\c@section=\count185
\c@subsection=\count186
\c@subsubsection=\count187
\c@paragraph=\count188
\c@subparagraph=\count189
\c@figure=\count190
\c@table=\count191
\abovecaptionskip=\skip47
\belowcaptionskip=\skip48
\bibindent=\dimen138
)
(/usr/share/texmf-dist/tex/latex/geometry/geometry.sty
Package: geometry 2020/01/02 v5.9 Page Geometry

(/usr/share/texmf-dist/tex/latex/graphics/keyval.sty
Package: keyval 2014/10/28 v1.15 key=value parser (DPC)
\KV@toks@=\toks16
)
(/usr/share/texmf-dist/tex/generic/iftex/ifvtex.sty
Package: ifvtex 2019/10/25 v1.7 ifvtex legacy package. Use iftex instead.

(/usr/share/texmf-dist/tex/generic/iftex/iftex.sty
Package: iftex 2020/03/06 v1.0d TeX engine tests
))
\Gm@cnth=\count192
\Gm@cntv=\count193
\c@Gm@tempcnt=\count194
\Gm@bindingoffset=\dimen139
\Gm@wd@mp=\dimen140
\Gm@odd@mp=\dimen141
\Gm@even@mp=\dimen142
\Gm@layoutwidth=\dimen143
\Gm@layoutheight=\dimen144
\Gm@layouthoffset=\dimen145
\Gm@layoutvoffset=\dimen146
\Gm@dimlist=\toks17
)
(/usr/share/texmf-dist/tex/generic/babel/babel.sty
Package: babel 2021/11/29 3.67 The Babel package
\babel@savecnt=\count195
\U@D=\dimen147
\l@unhyphenated=\language87

(/usr/share/texmf-dist/tex/generic/babel/txtbabel.def)
\bbl@readstream=\read2
\bbl@dirlevel=\count196

(/usr/share/texmf-dist/tex/generic/babel-english/english.ldf
Language: english 2017/06/06 v3.3r English support from the babel system
Package babel Info: Hyphen rules for 'canadian' set to \l@english
(babel)             (\language0). Reported on input line 102.
Package babel Info: Hyphen rules for 'australian' set to \l@ukenglish
(babel)             (\language21). Reported on input line 105.
Package babel Info: Hyphen rules for 'newzealand' set to \l@ukenglish
(babel)             (\language21). Reported on input line 108.
))
(/usr/share/texmf-dist/tex/latex/base/inputenc.sty
Package: inputenc 2021/02/14 v1.3d Input encoding file
\inpenc@prehook=\toks18
\inpenc@posthook=\toks19
)
(/usr/share/texmf-dist/tex/latex/base/fontenc.sty
Package: fontenc 2021/04/29 v2.0v Standard LaTeX package
)
(/usr/share/texmf-dist/tex/latex/cancel/cancel.sty
Package: cancel 2013/04/12 v2.2 Cancel math terms
)
(/usr/share/texmf-dist/tex/latex/amsmath/amsmath.sty
Package: amsmath 2021/10/15 v2.17l AMS math features
\@mathmargin=\skip49

For additional information on amsmath, use the `?' option.
(/usr/share/texmf-dist/tex/latex/amsmath/amstext.sty
Package: amstext 2021/08/26 v2.01 AMS text

(/usr/share/texmf-dist/tex/latex/amsmath/amsgen.sty
File: amsgen.sty 1999/11/30 v2.0 generic functions
\@emptytoks=\toks20
\ex@=\dimen148
))
(/usr/share/texmf-dist/tex/latex/amsmath/amsbsy.sty
Package: amsbsy 1999/11/29 v1.2d Bold Symbols
\pmbraise@=\dimen149
)
(/usr/share/texmf-dist/tex/latex/amsmath/amsopn.sty
Package: amsopn 2021/08/26 v2.02 operator names
)
\inf@bad=\count197
LaTeX Info: Redefining \frac on input line 234.
\uproot@=\count198
\leftroot@=\count199
LaTeX Info: Redefining \overline on input line 399.
\classnum@=\count266
\DOTSCASE@=\count267
LaTeX Info: Redefining \ldots on input line 496.
LaTeX Info: Redefining \dots on input line 499.
LaTeX Info: Redefining \cdots on input line 620.
\Mathstrutbox@=\box50
\strutbox@=\box51
\big@size=\dimen150
LaTeX Font Info:    Redeclaring font encoding OML on input line 743.
LaTeX Font Info:    Redeclaring font encoding OMS on input line 744.
\macc@depth=\count268
\c@MaxMatrixCols=\count269
\dotsspace@=\muskip16
\c@parentequation=\count270
\dspbrk@lvl=\count271
\tag@help=\toks21
\row@=\count272
\column@=\count273
\maxfields@=\count274
\andhelp@=\toks22
\eqnshift@=\dimen151
\alignsep@=\dimen152
\tagshift@=\dimen153
\tagwidth@=\dimen154
\totwidth@=\dimen155
\lineht@=\dimen156
\@envbody=\toks23
\multlinegap=\skip50
\multlinetaggap=\skip51
\mathdisplay@stack=\toks24
LaTeX Info: Redefining \[ on input line 2938.
LaTeX Info: Redefining \] on input line 2939.
)
(/usr/share/texmf-dist/tex/latex/amsfonts/amsfonts.sty
Package: amsfonts 2013/01/14 v3.01 Basic AMSFonts support
\symAMSa=\mathgroup4
\symAMSb=\mathgroup5
LaTeX Font Info:    Redeclaring math symbol \hbar on input line 98.
LaTeX Font Info:    Overwriting math alphabet `\mathfrak' in version `bold'
(Font)                  U/euf/m/n --> U/euf/b/n on input line 106.
)
(/usr/share/texmf-dist/tex/latex/doublestroke/dsfont.sty
Package: dsfont 1995/08/01 v0.1 Double stroke roman fonts
)
(/usr/share/texmf-dist/tex/latex/listings/listings.sty
\lst@mode=\count275
\lst@gtempboxa=\box52
\lst@token=\toks25
\lst@length=\count276
\lst@currlwidth=\dimen157
\lst@column=\count277
\lst@pos=\count278
\lst@lostspace=\dimen158
\lst@width=\dimen159
\lst@newlines=\count279
\lst@lineno=\count280
\lst@maxwidth=\dimen160

(/usr/share/texmf-dist/tex/latex/listings/lstmisc.sty
File: lstmisc.sty 2020/03/24 1.8d (Carsten Heinz)
\c@lstnumber=\count281
\lst@skipnumbers=\count282
\lst@framebox=\box53
)
(/usr/share/texmf-dist/tex/latex/listings/listings.cfg
File: listings.cfg 2020/03/24 1.8d listings configuration
))
Package: listings 2020/03/24 1.8d (Carsten Heinz)

(/usr/share/texmf-dist/tex/latex/hyperref/hyperref.sty
Package: hyperref 2021-06-07 v7.00m Hypertext links for LaTeX

(/usr/share/texmf-dist/tex/generic/ltxcmds/ltxcmds.sty
Package: ltxcmds 2020-05-10 v1.25 LaTeX kernel commands for general use (HO)
)
(/usr/share/texmf-dist/tex/generic/pdftexcmds/pdftexcmds.sty
Package: pdftexcmds 2020-06-27 v0.33 Utility functions of pdfTeX for LuaTeX (HO
)

(/usr/share/texmf-dist/tex/generic/infwarerr/infwarerr.sty
Package: infwarerr 2019/12/03 v1.5 Providing info/warning/error messages (HO)
)
Package pdftexcmds Info: \pdf@primitive is available.
Package pdftexcmds Info: \pdf@ifprimitive is available.
Package pdftexcmds Info: \pdfdraftmode found.
)
(/usr/share/texmf-dist/tex/generic/kvsetkeys/kvsetkeys.sty
Package: kvsetkeys 2019/12/15 v1.18 Key value parser (HO)
)
(/usr/share/texmf-dist/tex/generic/kvdefinekeys/kvdefinekeys.sty
Package: kvdefinekeys 2019-12-19 v1.6 Define keys (HO)
)
(/usr/share/texmf-dist/tex/generic/pdfescape/pdfescape.sty
Package: pdfescape 2019/12/09 v1.15 Implements pdfTeX's escape features (HO)
)
(/usr/share/texmf-dist/tex/latex/hycolor/hycolor.sty
Package: hycolor 2020-01-27 v1.10 Color options for hyperref/bookmark (HO)
)
(/usr/share/texmf-dist/tex/latex/letltxmacro/letltxmacro.sty
Package: letltxmacro 2019/12/03 v1.6 Let assignment for LaTeX macros (HO)
)
(/usr/share/texmf-dist/tex/latex/auxhook/auxhook.sty
Package: auxhook 2019-12-17 v1.6 Hooks for auxiliary files (HO)
)
(/usr/share/texmf-dist/tex/latex/kvoptions/kvoptions.sty
Package: kvoptions 2020-10-07 v3.14 Key value format for package options (HO)
)
\@linkdim=\dimen161
\Hy@linkcounter=\count283
\Hy@pagecounter=\count284

(/usr/share/texmf-dist/tex/latex/hyperref/pd1enc.def
File: pd1enc.def 2021-06-07 v7.00m Hyperref: PDFDocEncoding definition (HO)
Now handling font encoding PD1 ...
... no UTF-8 mapping file for font encoding PD1
)
(/usr/share/texmf-dist/tex/latex/hyperref/hyperref-langpatches.def
File: hyperref-langpatches.def 2021-06-07 v7.00m Hyperref: patches for babel la
nguages
)
(/usr/share/texmf-dist/tex/generic/intcalc/intcalc.sty
Package: intcalc 2019/12/15 v1.3 Expandable calculations with integers (HO)
)
(/usr/share/texmf-dist/tex/generic/etexcmds/etexcmds.sty
Package: etexcmds 2019/12/15 v1.7 Avoid name clashes with e-TeX commands (HO)
)
\Hy@SavedSpaceFactor=\count285

(/usr/share/texmf-dist/tex/latex/hyperref/puenc.def
File: puenc.def 2021-06-07 v7.00m Hyperref: PDF Unicode definition (HO)
Now handling font encoding PU ...
... no UTF-8 mapping file for font encoding PU
)
Package hyperref Info: Hyper figures OFF on input line 4192.
Package hyperref Info: Link nesting OFF on input line 4197.
Package hyperref Info: Hyper index ON on input line 4200.
Package hyperref Info: Plain pages OFF on input line 4207.
Package hyperref Info: Backreferencing OFF on input line 4212.
Package hyperref Info: Implicit mode ON; LaTeX internals redefined.
Package hyperref Info: Bookmarks ON on input line 4445.
\c@Hy@tempcnt=\count286

(/usr/share/texmf-dist/tex/latex/url/url.sty
\Urlmuskip=\muskip17
Package: url 2013/09/16  ver 3.4  Verb mode for urls, etc.
)
LaTeX Info: Redefining \url on input line 4804.
\XeTeXLinkMargin=\dimen162

(/usr/share/texmf-dist/tex/generic/bitset/bitset.sty
Package: bitset 2019/12/09 v1.3 Handle bit-vector datatype (HO)

(/usr/share/texmf-dist/tex/generic/bigintcalc/bigintcalc.sty
Package: bigintcalc 2019/12/15 v1.5 Expandable calculations on big integers (HO
)
))
\Fld@menulength=\count287
\Field@Width=\dimen163
\Fld@charsize=\dimen164
Package hyperref Info: Hyper figures OFF on input line 6076.
Package hyperref Info: Link nesting OFF on input line 6081.
Package hyperref Info: Hyper index ON on input line 6084.
Package hyperref Info: backreferencing OFF on input line 6091.
Package hyperref Info: Link coloring OFF on input line 6096.
Package hyperref Info: Link coloring with OCG OFF on input line 6101.
Package hyperref Info: PDF/A mode OFF on input line 6106.
LaTeX Info: Redefining \ref on input line 6146.
LaTeX Info: Redefining \pageref on input line 6150.

(/usr/share/texmf-dist/tex/latex/base/atbegshi-ltx.sty
Package: atbegshi-ltx 2021/01/10 v1.0c Emulation of the original atbegshi
package with kernel methods
)
\Hy@abspage=\count288
\c@Item=\count289
\c@Hfootnote=\count290
)
Package hyperref Info: Driver (autodetected): hpdftex.

(/usr/share/texmf-dist/tex/latex/hyperref/hpdftex.def
File: hpdftex.def 2021-06-07 v7.00m Hyperref driver for pdfTeX

(/usr/share/texmf-dist/tex/latex/base/atveryend-ltx.sty
Package: atveryend-ltx 2020/08/19 v1.0a Emulation of the original atveryend pac
kage
with kernel methods
)
\Fld@listcount=\count291
\c@bookmark@seq@number=\count292

(/usr/share/texmf-dist/tex/latex/rerunfilecheck/rerunfilecheck.sty
Package: rerunfilecheck 2019/12/05 v1.9 Rerun checks for auxiliary files (HO)

(/usr/share/texmf-dist/tex/generic/uniquecounter/uniquecounter.sty
Package: uniquecounter 2019/12/15 v1.4 Provide unlimited unique counter (HO)
)
Package uniquecounter Info: New unique counter `rerunfilecheck' on input line 2
86.
)
\Hy@SectionHShift=\skip52
)
(/usr/share/texmf-dist/tex/latex/siunitx/siunitx.sty
Package: siunitx 2021-12-03 v3.0.37 A comprehensive (SI) units package
\l__siunitx_angle_tmp_dim=\dimen165
\l__siunitx_angle_marker_box=\box54
\l__siunitx_angle_unit_box=\box55
\l__siunitx_compound_count_int=\count293

(/usr/share/texmf-dist/tex/latex/translations/translations.sty
Package: translations 2021/01/17 v1.10a internationalization of LaTeX2e package
s (CN)

(/usr/share/texmf-dist/tex/latex/etoolbox/etoolbox.sty
Package: etoolbox 2020/10/05 v2.5k e-TeX tools for LaTeX (JAW)
\etb@tempcnta=\count294
))
\l__siunitx_number_exponent_fixed_int=\count295
\l__siunitx_number_min_decimal_int=\count296
\l__siunitx_number_min_integer_int=\count297
\l__siunitx_number_round_precision_int=\count298
\l__siunitx_number_group_minimum_int=\count299
\l__siunitx_table_tmp_box=\box56
\l__siunitx_table_tmp_dim=\dimen166
\l__siunitx_table_column_width_dim=\dimen167
\l__siunitx_table_integer_box=\box57
\l__siunitx_table_decimal_box=\box58
\l__siunitx_table_before_box=\box59
\l__siunitx_table_after_box=\box60
\l__siunitx_table_before_dim=\dimen168
\l__siunitx_table_carry_dim=\dimen169
\l__siunitx_unit_tmp_int=\count300
\l__siunitx_unit_position_int=\count301
\l__siunitx_unit_total_int=\count302

(/usr/share/texmf-dist/tex/latex/l3packages/l3keys2e/l3keys2e.sty
(/usr/share/texmf-dist/tex/latex/l3kernel/expl3.sty
Package: expl3 2021-11-22 L3 programming layer (loader) 

(/usr/share/texmf-dist/tex/latex/l3backend/l3backend-pdftex.def
File: l3backend-pdftex.def 2021-12-14 L3 backend support: PDF output (pdfTeX)
\l__color_backend_stack_int=\count303
\l__pdf_internal_box=\box61
))
Package: l3keys2e 2021-11-12 LaTeX2e option processing using LaTeX3 keys
)
(/usr/share/texmf-dist/tex/latex/tools/array.sty
Package: array 2021/10/04 v2.5f Tabular extension package (FMi)
\col@sep=\dimen170
\ar@mcellbox=\box62
\extrarowheight=\dimen171
\NC@list=\toks26
\extratabsurround=\skip53
\backup@length=\skip54
\ar@cellbox=\box63
))
(/usr/share/texmf-dist/tex/latex/fancyhdr/fancyhdr.sty
Package: fancyhdr 2021/01/28 v4.0.1 Extensive control of page headers and foote
rs
\f@nch@headwidth=\skip55
\f@nch@O@elh=\skip56
\f@nch@O@erh=\skip57
\f@nch@O@olh=\skip58
\f@nch@O@orh=\skip59
\f@nch@O@elf=\skip60
\f@nch@O@erf=\skip61
\f@nch@O@olf=\skip62
\f@nch@O@orf=\skip63
)
(/usr/share/texmf-dist/tex/latex/base/textcomp.sty
Package: textcomp 2020/02/02 v2.0n Standard LaTeX package
)
(/usr/share/texmf-dist/tex/latex/makecell/makecell.sty
Package: makecell 2009/08/03 V0.1e Managing of Tab Column Heads and Cells
\rotheadsize=\dimen172
\c@nlinenum=\count304
\TeXr@lab=\toks27
)
(/usr/share/texmf-dist/tex/latex/caption/caption.sty
Package: caption 2020/10/26 v3.5g Customizing captions (AR)

(/usr/share/texmf-dist/tex/latex/caption/caption3.sty
Package: caption3 2020/10/21 v2.2e caption3 kernel (AR)
\captionmargin=\dimen173
\captionmargin@=\dimen174
\captionwidth=\dimen175
\caption@tempdima=\dimen176
\caption@indent=\dimen177
\caption@parindent=\dimen178
\caption@hangindent=\dimen179
Package caption Info: Standard document class detected.
)
\c@caption@flags=\count305
\c@continuedfloat=\count306
Package caption Info: hyperref package is loaded.
Package caption Info: listings package is loaded.
)
(/usr/share/texmf-dist/tex/latex/pdfpages/pdfpages.sty
Package: pdfpages 2021/03/06 v0.5t Insert pages of external PDF documents (AM)

(/usr/share/texmf-dist/tex/latex/base/ifthen.sty
Package: ifthen 2020/11/24 v1.1c Standard LaTeX ifthen package (DPC)
)
(/usr/share/texmf-dist/tex/latex/tools/calc.sty
Package: calc 2017/05/25 v4.3 Infix arithmetic (KKT,FJ)
\calc@Acount=\count307
\calc@Bcount=\count308
\calc@Adimen=\dimen180
\calc@Bdimen=\dimen181
\calc@Askip=\skip64
\calc@Bskip=\skip65
LaTeX Info: Redefining \setlength on input line 80.
LaTeX Info: Redefining \addtolength on input line 81.
\calc@Ccount=\count309
\calc@Cskip=\skip66
)
(/usr/share/texmf-dist/tex/latex/eso-pic/eso-pic.sty
Package: eso-pic 2020/10/14 v3.0a eso-pic (RN)
\ESO@tempdima=\dimen182
\ESO@tempdimb=\dimen183

(/usr/share/texmf-dist/tex/latex/xcolor/xcolor.sty
Package: xcolor 2021/10/31 v2.13 LaTeX color extensions (UK)

(/usr/share/texmf-dist/tex/latex/graphics-cfg/color.cfg
File: color.cfg 2016/01/02 v1.6 sample color configuration
)
Package xcolor Info: Driver file: pdftex.def on input line 227.

(/usr/share/texmf-dist/tex/latex/graphics-def/pdftex.def
File: pdftex.def 2020/10/05 v1.2a Graphics/color driver for pdftex
)
Package xcolor Info: Model `cmy' substituted by `cmy0' on input line 1352.
Package xcolor Info: Model `hsb' substituted by `rgb' on input line 1356.
Package xcolor Info: Model `RGB' extended on input line 1368.
Package xcolor Info: Model `HTML' substituted by `rgb' on input line 1370.
Package xcolor Info: Model `Hsb' substituted by `hsb' on input line 1371.
Package xcolor Info: Model `tHsb' substituted by `hsb' on input line 1372.
Package xcolor Info: Model `HSB' substituted by `hsb' on input line 1373.
Package xcolor Info: Model `Gray' substituted by `gray' on input line 1374.
Package xcolor Info: Model `wave' substituted by `hsb' on input line 1375.
))
(/usr/share/texmf-dist/tex/latex/graphics/graphicx.sty
Package: graphicx 2021/09/16 v1.2d Enhanced LaTeX Graphics (DPC,SPQR)

(/usr/share/texmf-dist/tex/latex/graphics/graphics.sty
Package: graphics 2021/03/04 v1.4d Standard LaTeX Graphics (DPC,SPQR)

(/usr/share/texmf-dist/tex/latex/graphics/trig.sty
Package: trig 2021/08/11 v1.11 sin cos tan (DPC)
)
(/usr/share/texmf-dist/tex/latex/graphics-cfg/graphics.cfg
File: graphics.cfg 2016/06/04 v1.11 sample graphics configuration
)
Package graphics Info: Driver file: pdftex.def on input line 107.
)
\Gin@req@height=\dimen184
\Gin@req@width=\dimen185
)
\AM@pagewidth=\dimen186
\AM@pageheight=\dimen187
\AM@fboxrule=\dimen188

(/usr/share/texmf-dist/tex/latex/pdfpages/pppdftex.def
File: pppdftex.def 2021/03/06 v0.5t Pdfpages driver for pdfTeX (AM)
)
\pdfpages@includegraphics@status=\count310
\AM@pagebox=\box64
\AM@global@opts=\toks28
\AM@pagecnt=\count311
\AM@toc@title=\toks29
\c@AM@survey=\count312
\AM@templatesizebox=\box65
)
(/usr/share/texmf-dist/tex/latex/tools/multicol.sty
Package: multicol 2021/10/28 v1.9b multicolumn formatting (FMi)
\c@tracingmulticols=\count313
\mult@box=\box66
\multicol@leftmargin=\dimen189
\c@unbalance=\count314
\c@collectmore=\count315
\doublecol@number=\count316
\multicoltolerance=\count317
\multicolpretolerance=\count318
\full@width=\dimen190
\page@free=\dimen191
\premulticols=\dimen192
\postmulticols=\dimen193
\multicolsep=\skip67
\multicolbaselineskip=\skip68
\partial@page=\box67
\last@line=\box68
\maxbalancingoverflow=\dimen194
\mult@rightbox=\box69
\mult@grightbox=\box70
\mult@firstbox=\box71
\mult@gfirstbox=\box72
\@tempa=\box73
\@tempa=\box74
\@tempa=\box75
\@tempa=\box76
\@tempa=\box77
\@tempa=\box78
\@tempa=\box79
\@tempa=\box80
\@tempa=\box81
\@tempa=\box82
\@tempa=\box83
\@tempa=\box84
\@tempa=\box85
\@tempa=\box86
\@tempa=\box87
\@tempa=\box88
\@tempa=\box89
\@tempa=\box90
\@tempa=\box91
\@tempa=\box92
\@tempa=\box93
\@tempa=\box94
\@tempa=\box95
\@tempa=\box96
\@tempa=\box97
\@tempa=\box98
\@tempa=\box99
\@tempa=\box100
\@tempa=\box101
\@tempa=\box102
\@tempa=\box103
\@tempa=\box104
\@tempa=\box105
\@tempa=\box106
\@tempa=\box107
\@tempa=\box108
\c@minrows=\count319
\c@columnbadness=\count320
\c@finalcolumnbadness=\count321
\last@try=\dimen195
\multicolovershoot=\dimen196
\multicolundershoot=\dimen197
\mult@nat@firstbox=\box109
\colbreak@box=\box110
\mc@col@check@num=\count322
)
(/usr/share/texmf-dist/tex/latex/algorithm2e/algorithm2e.sty
Package: algorithm2e 2017/07/18 v5.2 algorithms environments
\c@AlgoLine=\count323
\algocf@hangindent=\skip69

(/usr/share/texmf-dist/tex/latex/ifoddpage/ifoddpage.sty
Package: ifoddpage 2016/04/23 v1.1 Conditionals for odd/even page detection
\c@checkoddpage=\count324
)
(/usr/share/texmf-dist/tex/latex/tools/xspace.sty
Package: xspace 2014/10/28 v1.13 Space after command names (DPC,MH)
)
(/usr/share/texmf-dist/tex/latex/relsize/relsize.sty
Package: relsize 2013/03/29 ver 4.1
)
\skiptotal=\skip70
\skiplinenumber=\skip71
\skiprule=\skip72
\skiphlne=\skip73
\skiptext=\skip74
\skiplength=\skip75
\algomargin=\skip76
\skipalgocfslide=\skip77
\algowidth=\dimen198
\inoutsize=\dimen199
\inoutindent=\dimen256
\interspacetitleruled=\dimen257
\interspacealgoruled=\dimen258
\interspacetitleboxruled=\dimen259
\algocf@ruledwidth=\skip78
\algocf@inoutbox=\box111
\algocf@inputbox=\box112
\AlCapSkip=\skip79
\AlCapHSkip=\skip80
\algoskipindent=\skip81
\algocf@nlbox=\box113
\algocf@hangingbox=\box114
\algocf@untilbox=\box115
\algocf@skipuntil=\skip82
\algocf@capbox=\box116
\algocf@lcaptionbox=\skip83
\algoheightruledefault=\skip84
\algoheightrule=\skip85
\algotitleheightruledefault=\skip86
\algotitleheightrule=\skip87
\c@algocfline=\count325
\c@algocfproc=\count326
\c@algocf=\count327
\algocf@algoframe=\box117
\algocf@algobox=\box118
)
(/usr/share/texmf-dist/tex/generic/soul/soul.sty
Package: soul 2003/11/17 v2.4 letterspacing/underlining (mf)
\SOUL@word=\toks30
\SOUL@lasttoken=\toks31
\SOUL@cmds=\toks32
\SOUL@buffer=\toks33
\SOUL@token=\toks34
\SOUL@spaceskip=\skip88
\SOUL@ttwidth=\dimen260
\SOUL@uldp=\dimen261
\SOUL@ulht=\dimen262
)
(/usr/share/texmf-dist/tex/latex/mhchem/mhchem.sty
Package: mhchem 2018/06/22 v4.08 for typesetting chemical formulae

(/usr/share/texmf-dist/tex/latex/chemgreek/chemgreek.sty
(/usr/share/texmf-dist/tex/latex/l3packages/xparse/xparse.sty
Package: xparse 2021-11-12 L3 Experimental document command parser
)
Package: chemgreek 2020/01/16 v1.1a interface for upright Greek letters for use
 in chemistry (CN)
\l__chemgreek_tmpa_int=\count328
\g__chemgreek_tmpa_int=\count329
)
\l__mhchem_ce_distanceFromLastComma_int=\count330
\__mhchem_arrow_extPgfLength_skip=\skip89
\mhchem@minispace@tmp=\skip90
\mhchem@minibackspace@tmp=\skip91
\mhchem@bondwidth=\skip92
\mhchem@bondheight=\skip93
\mhchem@smallbondwidth@tmpA=\skip94
\mhchem@smallbondwidth@tmpB=\skip95
\mhchem@smallbondwidth=\skip96
\mhchem@bondtmp@minussidebearingleft=\skip97
\mhchem@bondtmp@minussidebearingright=\skip98
\l__mhchem_option_version_int=\count331
\mhchem@option@minusmathsidebearingleft=\dimen263
\mhchem@option@minusmathsidebearingright=\dimen264
\mhchem@option@minustextsidebearingleft=\dimen265
\mhchem@option@minustextsidebearingright=\dimen266


Package mhchem Warning: You did not specify a 'version' option for the mhchem
(mhchem)                package. Please write \usepackage[version=4]{mhchem}
(mhchem)                in your preamble (or any lower number for
(mhchem)                compatibility mode), because you might get slightly
(mhchem)                different output with the same input in future versions
.

) (/usr/share/texmf-dist/tex/latex/appendix/appendix.sty
Package: appendix 2020/02/08 v1.2c extra appendix facilities
\c@@pps=\count332
\c@@ppsavesec=\count333
\c@@ppsaveapp=\count334
)
(/usr/share/texmf-dist/tex/latex/float/float.sty
Package: float 2001/11/08 v1.3d Float enhancements (AL)
\c@float@type=\count335
\float@exts=\toks35
\float@box=\box119
\@float@everytoks=\toks36
\@floatcapt=\box120
)
(/usr/share/texmf-dist/tex/latex/wrapfig/wrapfig.sty
\wrapoverhang=\dimen267
\WF@size=\dimen268
\c@WF@wrappedlines=\count336
\WF@box=\box121
\WF@everypar=\toks37
Package: wrapfig 2003/01/31  v 3.6
)
(/usr/share/texmf-dist/tex/latex/braket/braket.sty)
(/usr/share/texmf-dist/tex/latex/mathtools/mathtools.sty
Package: mathtools 2021/04/12 v1.27 mathematical typesetting tools

(/usr/share/texmf-dist/tex/latex/mathtools/mhsetup.sty
Package: mhsetup 2021/03/18 v1.4 programming setup (MH)
)
LaTeX Info: Thecontrolsequence`\('isalreadyrobust on input line 130.
LaTeX Info: Thecontrolsequence`\)'isalreadyrobust on input line 130.
LaTeX Info: Thecontrolsequence`\['isalreadyrobust on input line 130.
LaTeX Info: Thecontrolsequence`\]'isalreadyrobust on input line 130.
\g_MT_multlinerow_int=\count337
\l_MT_multwidth_dim=\dimen269
\origjot=\skip99
\l_MT_shortvdotswithinadjustabove_dim=\dimen270
\l_MT_shortvdotswithinadjustbelow_dim=\dimen271
\l_MT_above_intertext_sep=\dimen272
\l_MT_below_intertext_sep=\dimen273
\l_MT_above_shortintertext_sep=\dimen274
\l_MT_below_shortintertext_sep=\dimen275
\xmathstrut@box=\box122
\xmathstrut@dim=\dimen276
)
(/usr/share/texmf-dist/tex/latex/physics/physics.sty
Package: physics 
)) (./build/principal.aux)
\openout1 = `principal.aux'.

LaTeX Font Info:    Checking defaults for OML/cmm/m/it on input line 18.
LaTeX Font Info:    ... okay on input line 18.
LaTeX Font Info:    Checking defaults for OMS/cmsy/m/n on input line 18.
LaTeX Font Info:    ... okay on input line 18.
LaTeX Font Info:    Checking defaults for OT1/cmr/m/n on input line 18.
LaTeX Font Info:    ... okay on input line 18.
LaTeX Font Info:    Checking defaults for T1/cmr/m/n on input line 18.
LaTeX Font Info:    ... okay on input line 18.
LaTeX Font Info:    Checking defaults for TS1/cmr/m/n on input line 18.
LaTeX Font Info:    ... okay on input line 18.
LaTeX Font Info:    Checking defaults for OMX/cmex/m/n on input line 18.
LaTeX Font Info:    ... okay on input line 18.
LaTeX Font Info:    Checking defaults for U/cmr/m/n on input line 18.
LaTeX Font Info:    ... okay on input line 18.
LaTeX Font Info:    Checking defaults for PD1/pdf/m/n on input line 18.
LaTeX Font Info:    ... okay on input line 18.
LaTeX Font Info:    Checking defaults for PU/pdf/m/n on input line 18.
LaTeX Font Info:    ... okay on input line 18.

*geometry* driver: auto-detecting
*geometry* detected driver: pdftex
*geometry* verbose mode - [ preamble ] result:
* driver: pdftex
* paper: a4paper
* layout: <same size as paper>
* layoutoffset:(h,v)=(0.0pt,0.0pt)
* modes: 
* h-part:(L,W,R)=(81.94394pt, 433.62pt, 81.94394pt)
* v-part:(T,H,B)=(106.75473pt, 578.15999pt, 160.13213pt)
* \paperwidth=597.50787pt
* \paperheight=845.04684pt
* \textwidth=433.62pt
* \textheight=578.15999pt
* \oddsidemargin=9.67395pt
* \evensidemargin=9.67395pt
* \topmargin=4.41725pt
* \headheight=12.0pt
* \headsep=18.06749pt
* \topskip=10.0pt
* \footskip=25.29494pt
* \marginparwidth=69.0pt
* \marginparsep=7.0pt
* \columnsep=10.0pt
* \skip\footins=9.0pt plus 4.0pt minus 2.0pt
* \hoffset=0.0pt
* \voffset=0.0pt
* \mag=1000
* \@twocolumnfalse
* \@twosidefalse
* \@mparswitchfalse
* \@reversemarginfalse
* (1in=72.27pt=25.4mm, 1cm=28.453pt)

\c@lstlisting=\count338
Package hyperref Info: Link coloring OFF on input line 18.
(/usr/share/texmf-dist/tex/latex/hyperref/nameref.sty
Package: nameref 2021-04-02 v2.47 Cross-referencing by name of section

(/usr/share/texmf-dist/tex/latex/refcount/refcount.sty
Package: refcount 2019/12/15 v3.6 Data extraction from label references (HO)
)
(/usr/share/texmf-dist/tex/generic/gettitlestring/gettitlestring.sty
Package: gettitlestring 2019/12/15 v1.6 Cleanup title references (HO)
)
\c@section@level=\count339
)
LaTeX Info: Redefining \ref on input line 18.
LaTeX Info: Redefining \pageref on input line 18.
LaTeX Info: Redefining \nameref on input line 18.

(./build/principal.out) (./build/principal.out)
\@outlinefile=\write3
\openout3 = `principal.out'.



LaTeX hooks Warning: Generic hook
(hooks)              'file/after/translations-basic-dictionary-english.trsl'
(hooks)              is deprecated.
(hooks)              Use hook
(hooks)              'file/translations-basic-dictionary-english.trsl/after'
(hooks)              instead.


(/usr/share/texmf-dist/tex/latex/translations/translations-basic-dictionary-eng
lish.trsl
File: translations-basic-dictionary-english.trsl (english translation file `tra
nslations-basic-dictionary')
)
Package translations Info: loading dictionary `translations-basic-dictionary' f
or `english'. on input line 18.
Package caption Info: Begin \AtBeginDocument code.
Package caption Info: float package is loaded.
Package caption Info: wrapfig package is loaded.
Package caption Info: End \AtBeginDocument code.
 (/usr/share/texmf-dist/tex/context/base/mkii/supp-pdf.mkii
[Loading MPS to PDF converter (version 2006.09.02).]
\scratchcounter=\count340
\scratchdimen=\dimen277
\scratchbox=\box123
\nofMPsegments=\count341
\nofMParguments=\count342
\everyMPshowfont=\toks38
\MPscratchCnt=\count343
\MPscratchDim=\dimen278
\MPnumerator=\count344
\makeMPintoPDFobject=\count345
\everyMPtoPDFconversion=\toks39
) (/usr/share/texmf-dist/tex/latex/epstopdf-pkg/epstopdf-base.sty
Package: epstopdf-base 2020-01-24 v2.11 Base part for package epstopdf
Package epstopdf-base Info: Redefining graphics rule for `.eps' on input line 4
85.

(/usr/share/texmf-dist/tex/latex/latexconfig/epstopdf-sys.cfg
File: epstopdf-sys.cfg 2010/07/13 v1.3 Configuration of (r)epstopdf for TeX Liv
e
))
(/usr/share/texmf-dist/tex/latex/pdflscape/pdflscape.sty
Package: pdflscape 2019/12/05 v0.12 Display of landscape pages in PDF (HO)

(/usr/share/texmf-dist/tex/latex/graphics/lscape.sty
Package: lscape 2020/05/28 v3.02 Landscape Pages (DPC)
)
Package pdflscape Info: Auto-detected driver: pdftex on input line 81.
)

Package chemgreek Info: Activating mapping `default' on line 18.

LaTeX Font Info:    Trying to load font information for U+msa on input line 20.


(/usr/share/texmf-dist/tex/latex/amsfonts/umsa.fd
File: umsa.fd 2013/01/14 v3.01 AMS symbols A
)
LaTeX Font Info:    Trying to load font information for U+msb on input line 20.


(/usr/share/texmf-dist/tex/latex/amsfonts/umsb.fd
File: umsb.fd 2013/01/14 v3.01 AMS symbols B
) [1


{/var/lib/texmf/fonts/map/pdftex/updmap/pdftex.map}] (./build/principal.tocpdfT
eX warning (ext4): destination with the same identifier (name{page.1}) has been
 already used, duplicate ignored
<to be read again> 
                   \relax 
l.55 ...line {2.4.2}Finding}{23}{subsection.2.4.2}
                                                  % [1

] [2] [3] [4] [5])
\tf@toc=\write4
\openout4 = `principal.toc'.


[6] [7

] (./chapters/01_introduction.tex
Chapter 1.
[8

]

Package hyperref Warning: Token not allowed in a PDF string (Unicode):
(hyperref)                removing `math shift' on input line 53.


Package hyperref Warning: Token not allowed in a PDF string (Unicode):
(hyperref)                removing `math shift' on input line 53.

[9] [10] [11] [12] [13]
Overfull \hbox (11.77821pt too wide) detected at line 312
[]
 []

[14] [15]

Package hyperref Warning: Token not allowed in a PDF string (Unicode):
(hyperref)                removing `math shift' on input line 381.


Package hyperref Warning: Token not allowed in a PDF string (Unicode):
(hyperref)                removing `math shift' on input line 381.


Package hyperref Warning: Token not allowed in a PDF string (Unicode):
(hyperref)                removing `math shift' on input line 394.


Package hyperref Warning: Token not allowed in a PDF string (Unicode):
(hyperref)                removing `math shift' on input line 394.

) (./chapters/02_breakdown_classical_mechanics.tex [16]
Chapter 2.
<chapters/02//gun_ds.png, id=1169, 626.94225pt x 348.70274pt>
File: chapters/02//gun_ds.png Graphic file (type png)
<use chapters/02//gun_ds.png>
Package pdftex.def Info: chapters/02//gun_ds.png  used on input line 15.
(pdftex.def)             Requested size: 260.17464pt x 144.70361pt.
[17

 <./chapters/02//gun_ds.png>]
<chapters/02//wave_ds.png, id=1182, 566.115pt x 328.22626pt>
File: chapters/02//wave_ds.png Graphic file (type png)
<use chapters/02//wave_ds.png>
Package pdftex.def Info: chapters/02//wave_ds.png  used on input line 43.
(pdftex.def)             Requested size: 260.17464pt x 150.85068pt.
 [18 <./chapters/02//wave_ds.png>]
<chapters/02//electron_ds.png, id=1197, 1606.0pt x 863.225pt>
File: chapters/02//electron_ds.png Graphic file (type png)
<use chapters/02//electron_ds.png>
Package pdftex.def Info: chapters/02//electron_ds.png  used on input line 78.
(pdftex.def)             Requested size: 260.17464pt x 139.84431pt.
<chapters/02//ele_bal_ds.png, id=1199, 518.93875pt x 250.9375pt>
File: chapters/02//ele_bal_ds.png Graphic file (type png)
<use chapters/02//ele_bal_ds.png>
Package pdftex.def Info: chapters/02//ele_bal_ds.png  used on input line 98.
(pdftex.def)             Requested size: 260.17464pt x 125.81686pt.


LaTeX Warning: `!h' float specifier changed to `!ht'.

[19 <./chapters/02//electron_ds.png>]
<chapters/02//photoelectric.png, id=1210, 2569.6pt x 1290.8225pt>
File: chapters/02//photoelectric.png Graphic file (type png)
<use chapters/02//photoelectric.png>
Package pdftex.def Info: chapters/02//photoelectric.png  used on input line 136
.
(pdftex.def)             Requested size: 260.17464pt x 130.68521pt.


LaTeX Warning: `!h' float specifier changed to `!ht'.

[20 <./chapters/02//ele_bal_ds.png>]
<chapters/02//quantization.png, id=1222, 1048.91875pt x 931.48pt>
File: chapters/02//quantization.png Graphic file (type png)
<use chapters/02//quantization.png>
Package pdftex.def Info: chapters/02//quantization.png  used on input line 162.

(pdftex.def)             Requested size: 260.17464pt x 231.03592pt.


LaTeX Warning: `!h' float specifier changed to `!ht'.

[21 <./chapters/02//photoelectric.png>] [22 <./chapters/02//quantization.png>]
<chapters/02//stern_ger.png, id=1239, 642.4pt x 304.13625pt>
File: chapters/02//stern_ger.png Graphic file (type png)
<use chapters/02//stern_ger.png>
Package pdftex.def Info: chapters/02//stern_ger.png  used on input line 210.
(pdftex.def)             Requested size: 260.17464pt x 123.17914pt.


Package fancyhdr Warning: \headheight is too small (12.0pt): 
(fancyhdr)                Make it at least 12.51453pt, for example:
(fancyhdr)                \setlength{\headheight}{12.51453pt}.
(fancyhdr)                You might also make \topmargin smaller to compensate:

(fancyhdr)                \addtolength{\topmargin}{-0.51453pt}.

[23 <./chapters/02//stern_ger.png>]

Package fancyhdr Warning: \headheight is too small (12.0pt): 
(fancyhdr)                Make it at least 12.51453pt, for example:
(fancyhdr)                \setlength{\headheight}{12.51453pt}.
(fancyhdr)                You might also make \topmargin smaller to compensate:

(fancyhdr)                \addtolength{\topmargin}{-0.51453pt}.

[24]) (./chapters/03_waves_of_matter.tex

Package fancyhdr Warning: \headheight is too small (12.0pt): 
(fancyhdr)                Make it at least 12.51453pt, for example:
(fancyhdr)                \setlength{\headheight}{12.51453pt}.
(fancyhdr)                You might also make \topmargin smaller to compensate:

(fancyhdr)                \addtolength{\topmargin}{-0.51453pt}.

[25]
Chapter 3.
[26

]

Package fancyhdr Warning: \headheight is too small (12.0pt): 
(fancyhdr)                Make it at least 12.51453pt, for example:
(fancyhdr)                \setlength{\headheight}{12.51453pt}.
(fancyhdr)                You might also make \topmargin smaller to compensate:

(fancyhdr)                \addtolength{\topmargin}{-0.51453pt}.

[27]

Package fancyhdr Warning: \headheight is too small (12.0pt): 
(fancyhdr)                Make it at least 12.51453pt, for example:
(fancyhdr)                \setlength{\headheight}{12.51453pt}.
(fancyhdr)                You might also make \topmargin smaller to compensate:

(fancyhdr)                \addtolength{\topmargin}{-0.51453pt}.

[28]
<chapters/03//qm_oscillator.png, id=1278, 376.40625pt x 256.45813pt>
File: chapters/03//qm_oscillator.png Graphic file (type png)
<use chapters/03//qm_oscillator.png>
Package pdftex.def Info: chapters/03//qm_oscillator.png  used on input line 146
.
(pdftex.def)             Requested size: 260.17464pt x 177.27718pt.


LaTeX Warning: `!h' float specifier changed to `!ht'.

[29] [30 <./chapters/03//qm_oscillator.png>] [31] [32]
<chapters/03//1D_well.png, id=1302, 325.215pt x 151.16475pt>
File: chapters/03//1D_well.png Graphic file (type png)
<use chapters/03//1D_well.png>
Package pdftex.def Info: chapters/03//1D_well.png  used on input line 296.
(pdftex.def)             Requested size: 260.17464pt x 120.94118pt.

Underfull \hbox (badness 10000) in paragraph at lines 285--303

 []

[33 <./chapters/03//1D_well.png>] [34] [35] [36]
Underfull \hbox (badness 10000) in paragraph at lines 454--455

 []


Underfull \hbox (badness 10000) in paragraph at lines 456--469

 []

[37] [38]) (./chapters/04_quantum_mechanics.tex [39]
Chapter 4.
[40

] [41]
Overfull \hbox (30.48204pt too wide) detected at line 90
\OT1/cmr/m/n/10 (\OMS/cmsy/m/n/10 ^^@\OML/cmm/m/it/10 i\U/msb/m/n/10 ~\OT1/cmr/
m/n/10 )[] [] \OMS/cmsy/m/n/10 ^^@ \OT1/cmr/m/n/10 (\OMS/cmsy/m/n/10 ^^@\OML/cm
m/m/it/10 ih\OT1/cmr/m/n/10 )[] []
 []


Underfull \hbox (badness 10000) in paragraph at lines 100--101

 []

[42]
Underfull \hbox (badness 10000) in paragraph at lines 117--122

 []


Underfull \hbox (badness 10000) in paragraph at lines 144--149

 []


Underfull \hbox (badness 10000) in paragraph at lines 144--149

 []


Underfull \hbox (badness 10000) in paragraph at lines 151--158

 []

[43]
Underfull \hbox (badness 10000) in paragraph at lines 170--175

 []


Overfull \hbox (28.00539pt too wide) detected at line 179
[]
 []

) [44] [45] [46

] (./chapters/05_approximation_methods.tex
Chapter 5.
[47

]
<chapters/05//vector.jpg, id=1383, 778.91pt x 484.81125pt>
File: chapters/05//vector.jpg Graphic file (type jpg)
<use chapters/05//vector.jpg>
Package pdftex.def Info: chapters/05//vector.jpg  used on input line 43.
(pdftex.def)             Requested size: 108.405pt x 67.47363pt.
 [48 <./chapters/05//vector.jpg>]
<chapters/05//img_1.jpg, id=1395, 544.0325pt x 381.425pt>
File: chapters/05//img_1.jpg Graphic file (type jpg)
<use chapters/05//img_1.jpg>
Package pdftex.def Info: chapters/05//img_1.jpg  used on input line 90.
(pdftex.def)             Requested size: 108.80457pt x 76.28365pt.
 [49 <./chapters/05//img_1.jpg>]
<chapters/05//img_2.jpg, id=1403, 684.5575pt x 358.33875pt>
File: chapters/05//img_2.jpg Graphic file (type jpg)
<use chapters/05//img_2.jpg>
Package pdftex.def Info: chapters/05//img_2.jpg  used on input line 124.
(pdftex.def)             Requested size: 205.36882pt x 107.50244pt.
 [50 <./chapters/05//img_2.jpg>] [51]
LaTeX Font Info:    Trying to load font information for U+dsrom on input line 2
07.

(/usr/share/texmf-dist/tex/latex/doublestroke/Udsrom.fd
File: Udsrom.fd 1995/08/01 v0.1 Double stroke roman font definitions
) [52] [53]
<chapters/05//img_3.jpg, id=1424, 705.63625pt x 326.21875pt>
File: chapters/05//img_3.jpg Graphic file (type jpg)
<use chapters/05//img_3.jpg>
Package pdftex.def Info: chapters/05//img_3.jpg  used on input line 275.
(pdftex.def)             Requested size: 211.6925pt x 97.86636pt.
 [54 <./chapters/05//img_3.jpg>] [55] [56]
<chapters/05//img_4.jpg, id=1441, 523.9575pt x 378.41376pt>
File: chapters/05//img_4.jpg Graphic file (type jpg)
<use chapters/05//img_4.jpg>
Package pdftex.def Info: chapters/05//img_4.jpg  used on input line 382.
(pdftex.def)             Requested size: 157.18846pt x 113.525pt.
) (./chapters/06_atomic_physics.tex [57 <./chapters/05//img_4.jpg>]
Chapter 6.
[58

] [59]
Overfull \hbox (1.95428pt too wide) in paragraph at lines 84--86
[]\T1/cmr/m/n/10 As we said be-fore, the Hamil-to-nian com-mutes with the squar
e of the an-gu-lar mo-men-tum $\OT1/cmr/m/n/10 [[]\OML/cmm/m/it/10 ;  []\OT1/cm
r/m/n/10 ] =
 []

<chapters/06//img_5.jpg, id=1460, 1095.09125pt x 269.005pt>
File: chapters/06//img_5.jpg Graphic file (type jpg)
<use chapters/06//img_5.jpg>
Package pdftex.def Info: chapters/06//img_5.jpg  used on input line 110.
(pdftex.def)             Requested size: 328.5299pt x 80.70212pt.
[60]

Package fancyhdr Warning: \headheight is too small (12.0pt): 
(fancyhdr)                Make it at least 22.48724pt, for example:
(fancyhdr)                \setlength{\headheight}{22.48724pt}.
(fancyhdr)                You might also make \topmargin smaller to compensate:

(fancyhdr)                \addtolength{\topmargin}{-10.48724pt}.

[61 <./chapters/06//img_5.jpg>]

Package fancyhdr Warning: \headheight is too small (12.0pt): 
(fancyhdr)                Make it at least 22.48724pt, for example:
(fancyhdr)                \setlength{\headheight}{22.48724pt}.
(fancyhdr)                You might also make \topmargin smaller to compensate:

(fancyhdr)                \addtolength{\topmargin}{-10.48724pt}.

[62]
<chapters/06//img_6.jpg, id=1482, 421.575pt x 372.39125pt>
File: chapters/06//img_6.jpg Graphic file (type jpg)
<use chapters/06//img_6.jpg>
Package pdftex.def Info: chapters/06//img_6.jpg  used on input line 211.
(pdftex.def)             Requested size: 84.31349pt x 74.47693pt.


Package fancyhdr Warning: \headheight is too small (12.0pt): 
(fancyhdr)                Make it at least 22.48724pt, for example:
(fancyhdr)                \setlength{\headheight}{22.48724pt}.
(fancyhdr)                You might also make \topmargin smaller to compensate:

(fancyhdr)                \addtolength{\topmargin}{-10.48724pt}.

[63 <./chapters/06//img_6.jpg>]
<chapters/06//img_7.jpg, id=1490, 537.00626pt x 372.39125pt>
File: chapters/06//img_7.jpg Graphic file (type jpg)
<use chapters/06//img_7.jpg>
Package pdftex.def Info: chapters/06//img_7.jpg  used on input line 227.
(pdftex.def)             Requested size: 107.39934pt x 74.47693pt.


Package fancyhdr Warning: \headheight is too small (12.0pt): 
(fancyhdr)                Make it at least 22.48724pt, for example:
(fancyhdr)                \setlength{\headheight}{22.48724pt}.
(fancyhdr)                You might also make \topmargin smaller to compensate:

(fancyhdr)                \addtolength{\topmargin}{-10.48724pt}.

[64 <./chapters/06//img_7.jpg>]

Package fancyhdr Warning: \headheight is too small (12.0pt): 
(fancyhdr)                Make it at least 22.48724pt, for example:
(fancyhdr)                \setlength{\headheight}{22.48724pt}.
(fancyhdr)                You might also make \topmargin smaller to compensate:

(fancyhdr)                \addtolength{\topmargin}{-10.48724pt}.

[65]

Package fancyhdr Warning: \headheight is too small (12.0pt): 
(fancyhdr)                Make it at least 22.48724pt, for example:
(fancyhdr)                \setlength{\headheight}{22.48724pt}.
(fancyhdr)                You might also make \topmargin smaller to compensate:

(fancyhdr)                \addtolength{\topmargin}{-10.48724pt}.

[66]

Package fancyhdr Warning: \headheight is too small (12.0pt): 
(fancyhdr)                Make it at least 22.48724pt, for example:
(fancyhdr)                \setlength{\headheight}{22.48724pt}.
(fancyhdr)                You might also make \topmargin smaller to compensate:

(fancyhdr)                \addtolength{\topmargin}{-10.48724pt}.

[67]

Package fancyhdr Warning: \headheight is too small (12.0pt): 
(fancyhdr)                Make it at least 22.48724pt, for example:
(fancyhdr)                \setlength{\headheight}{22.48724pt}.
(fancyhdr)                You might also make \topmargin smaller to compensate:

(fancyhdr)                \addtolength{\topmargin}{-10.48724pt}.

[68]

Package fancyhdr Warning: \headheight is too small (12.0pt): 
(fancyhdr)                Make it at least 22.48724pt, for example:
(fancyhdr)                \setlength{\headheight}{22.48724pt}.
(fancyhdr)                You might also make \topmargin smaller to compensate:

(fancyhdr)                \addtolength{\topmargin}{-10.48724pt}.

[69]
Overfull \hbox (50.92479pt too wide) detected at line 462
[]
 []


Package fancyhdr Warning: \headheight is too small (12.0pt): 
(fancyhdr)                Make it at least 22.48724pt, for example:
(fancyhdr)                \setlength{\headheight}{22.48724pt}.
(fancyhdr)                You might also make \topmargin smaller to compensate:

(fancyhdr)                \addtolength{\topmargin}{-10.48724pt}.

[70]) (./chapters/07_molecular_physics.tex

Package fancyhdr Warning: \headheight is too small (12.0pt): 
(fancyhdr)                Make it at least 22.48724pt, for example:
(fancyhdr)                \setlength{\headheight}{22.48724pt}.
(fancyhdr)                You might also make \topmargin smaller to compensate:

(fancyhdr)                \addtolength{\topmargin}{-10.48724pt}.

[71]
Chapter 7.
[72

]

Package hyperref Warning: Token not allowed in a PDF string (Unicode):
(hyperref)                removing `math shift' on input line 60.


Package hyperref Warning: Token not allowed in a PDF string (Unicode):
(hyperref)                removing `subscript' on input line 60.


Package hyperref Warning: Token not allowed in a PDF string (Unicode):
(hyperref)                removing `math shift' on input line 60.

<chapters/07//img_8.jpg, id=1573, 411.5375pt x 255.95625pt>
File: chapters/07//img_8.jpg Graphic file (type jpg)
<use chapters/07//img_8.jpg>
Package pdftex.def Info: chapters/07//img_8.jpg  used on input line 67.
(pdftex.def)             Requested size: 123.4622pt x 76.78746pt.
[73] [74 <./chapters/07//img_8.jpg>]
<chapters/07//img_9.jpg, id=1585, 555.07375pt x 376.40625pt>
File: chapters/07//img_9.jpg Graphic file (type jpg)
<use chapters/07//img_9.jpg>
Package pdftex.def Info: chapters/07//img_9.jpg  used on input line 144.
(pdftex.def)             Requested size: 166.52339pt x 112.92273pt.
 [75 <./chapters/07//img_9.jpg>]
<chapters/07//img_13.jpg, id=1593, 1542.76375pt x 697.60625pt>
File: chapters/07//img_13.jpg Graphic file (type jpg)
<use chapters/07//img_13.jpg>
Package pdftex.def Info: chapters/07//img_13.jpg  used on input line 156.
(pdftex.def)             Requested size: 462.8327pt x 209.28348pt.

Overfull \hbox (29.2127pt too wide) in paragraph at lines 156--157
 [][] 
 []

[76 <./chapters/07//img_13.jpg>] [77]
Overfull \hbox (27.27055pt too wide) detected at line 241
[] \OT1/cmr/m/n/10 = [] []  \OML/cmm/m/it/10 d[]:::d[][] []\OT1/cmr/m/n/10 ([] 
\OMS/cmsy/m/n/10 ^^@ []\OT1/cmr/m/n/10 )\OML/cmm/m/it/10 ^^N\OT1/cmr/m/n/10 ([]
 \OMS/cmsy/m/n/10 ^^@ []\OT1/cmr/m/n/10 )\OML/cmm/m/it/10  \OT1/cmr/m/n/10 ([] 
\OMS/cmsy/m/n/10 ^^@ []\OT1/cmr/m/n/10 )[] [] = \OML/cmm/m/it/10 n\OT1/cmr/m/n/
10 ([])
 []

<chapters/07//img_14.png, id=1608, 557.08125pt x 414.54875pt>
File: chapters/07//img_14.png Graphic file (type png)
<use chapters/07//img_14.png>
Package pdftex.def Info: chapters/07//img_14.png  used on input line 248.
(pdftex.def)             Requested size: 167.12566pt x 124.36557pt.
[78 <./chapters/07//img_14.png>]
Underfull \hbox (badness 10000) in paragraph at lines 273--274

 []

<chapters/07//img_15.jpg, id=1623, 1229.59375pt x 249.93375pt>
File: chapters/07//img_15.jpg Graphic file (type jpg)
<use chapters/07//img_15.jpg>
Package pdftex.def Info: chapters/07//img_15.jpg  used on input line 288.
(pdftex.def)             Requested size: 368.88097pt x 74.9807pt.
) [79] [80 <./chapters/07//img_15.jpg>] [81

]
(./chapters/08_quantum_computing.tex
Chapter 8.
[82

]
Underfull \hbox (badness 10000) in paragraph at lines 41--43

 []

<chapters/08//img_10.jpg, id=1648, 657.45625pt x 167.62625pt>
File: chapters/08//img_10.jpg Graphic file (type jpg)
<use chapters/08//img_10.jpg>
Package pdftex.def Info: chapters/08//img_10.jpg  used on input line 50.
(pdftex.def)             Requested size: 197.23839pt x 50.28825pt.

Underfull \hbox (badness 10000) in paragraph at lines 44--54

 []

[83 <./chapters/08//img_10.jpg>]
Underfull \hbox (badness 10000) in paragraph at lines 74--78

 []

[84]
Underfull \hbox (badness 10000) in paragraph at lines 116--119

 []


Underfull \hbox (badness 10000) in paragraph at lines 122--122
\T1/cmr/m/it/10 frag-ment is
 []


Underfull \hbox (badness 10000) in paragraph at lines 122--122
\T1/cmr/m/it/10 Quan-tum In-
 []

[85]
Underfull \hbox (badness 10000) in paragraph at lines 128--130

 []


Overfull \hbox (1.07393pt too wide) in paragraph at lines 137--138
[]\T1/cmr/bx/n/10 CNOT gate\T1/cmr/m/n/10 : two-qubit op-er-a-tion. The $[]$ is
 the CON-TROL QUBIT, the $[]$
 []

<chapters/08//img_11.png, id=1663, 219.82124pt x 157.58875pt>
File: chapters/08//img_11.png Graphic file (type png)
<use chapters/08//img_11.png>
Package pdftex.def Info: chapters/08//img_11.png  used on input line 141.
(pdftex.def)             Requested size: 65.94687pt x 47.27698pt.

Underfull \hbox (badness 10000) in paragraph at lines 143--144

 []

[86 <./chapters/08//img_11.png>]
Underfull \hbox (badness 10000) in paragraph at lines 145--146

 []


Underfull \hbox (badness 10000) in paragraph at lines 149--152

 []


Underfull \hbox (badness 10000) in paragraph at lines 149--152

 []


Underfull \hbox (badness 10000) in paragraph at lines 153--155

 []


Overfull \hbox (20.3587pt too wide) detected at line 157
\OML/cmm/m/it/10 C[]\OT1/cmr/m/n/10 (\OML/cmm/m/it/10 H  []\OT1/cmr/m/n/10 ) = 
\OML/cmm/m/it/10 C[]\OT1/cmr/m/n/10 (\OML/cmm/m/it/10 H  [] \OMS/cmsy/m/n/10 
 []\OT1/cmr/m/n/10 ) = \OML/cmm/m/it/10 C[][][] [] [] \OMS/cmsy/m/n/10 
 [] [] \OT1/cmr/m/n/10 = \OML/cmm/m/it/10 C[][][] [] \OMS/cmsy/m/n/10 
 [] [] \OT1/cmr/m/n/10 =
 []


Overfull \hbox (34.80608pt too wide) detected at line 160
\OT1/cmr/m/n/10 = \OML/cmm/m/it/10 C[][] [] \OT1/cmr/m/n/10 = [] [] [] = [] [] 
= [] [] = [] = []
 []

<chapters/08//img_12.jpg, id=1670, 909.3975pt x 467.7475pt>
File: chapters/08//img_12.jpg Graphic file (type jpg)
<use chapters/08//img_12.jpg>
Package pdftex.def Info: chapters/08//img_12.jpg  used on input line 170.
(pdftex.def)             Requested size: 272.82135pt x 140.32532pt.
[87]) [88 <./chapters/08//img_12.jpg>] [89

] (./chapters/aa_complex_numbers.tex
Chapter 9.
[90

] [91] [92] [93]) (./chapters/ab_partial_derivatives.tex [94]
Chapter 10.
[95

]) (./chapters/ac_differential_operators.tex [96] [97]
Chapter 11.
[98

] [99] [100] [101] [102]) (./chapters/ad_spherical_coordinates.tex [103]
Chapter 12.
[104

]) (./chapters/ae_multidimensional_integrals.tex [105]
Chapter 13.
[106

]) (./chapters/af_wave_equations.tex [107] [108]
Chapter 14.
[109

]) (./chapters/ag_hilbert_spaces.tex [110]
Chapter 15.
[111

] [112] [113] [114]) (./chapters/ee_solved_exercises.tex [115]
Chapter 16.
(./chapters/exercises_sections/00_complex_numbers.tex [116

]
Overfull \hbox (58.04228pt too wide) detected at line 51
[]
 []

) (./chapters/exercises_sections/01_partial_derivatives.tex [117])
(./chapters/exercises_sections/02_differential_operators.tex [118] [119])
(./chapters/exercises_sections/03_spherical_coordinates.tex)
(./chapters/exercises_sections/04_multidimensional_integrals.tex [120]
<chapters/exercises_sections/exercises_images//integration_area.png, id=1834, 8
09.27344pt x 380.92313pt>
File: chapters/exercises_sections/exercises_images//integration_area.png Graphi
c file (type png)
<use chapters/exercises_sections/exercises_images//integration_area.png>
Package pdftex.def Info: chapters/exercises_sections/exercises_images//integrat
ion_area.png  used on input line 25.
(pdftex.def)             Requested size: 433.62pt x 204.10863pt.
)
(./chapters/exercises_sections/05_wave_equations.tex

LaTeX Warning: `h' float specifier changed to `ht'.

) (./chapters/exercises_sections/06_hilbert_spaces.tex)) [121] [122 <./chapters
/exercises_sections/exercises_images//integration_area.png>]
(./build/principal.aux)
Package rerunfilecheck Info: File `principal.out' has not changed.
(rerunfilecheck)             Checksum: 010C6E1BE8799ABB3059783503E3A43C;36151.
 ) 
Here is how much of TeX's memory you used:
 23568 strings out of 478353
 433645 string characters out of 5854635
 763097 words of memory out of 5000000
 40779 multiletter control sequences out of 15000+600000
 435574 words of font info for 110 fonts, out of 8000000 for 9000
 1141 hyphenation exceptions out of 8191
 75i,20n,80p,773b,933s stack positions out of 5000i,500n,10000p,200000b,80000s
{/usr/share/texmf-dist/fonts/enc/dvips/cm-super/cm-super-t1.enc}{/usr/share/t
exmf-dist/fonts/enc/dvips/cm-super/cm-super-ts1.enc}</usr/share/texmf-dist/font
s/type1/public/amsfonts/cm/cmbsy10.pfb></usr/share/texmf-dist/fonts/type1/publi
c/amsfonts/cm/cmbx10.pfb></usr/share/texmf-dist/fonts/type1/public/amsfonts/cm/
cmbx7.pfb></usr/share/texmf-dist/fonts/type1/public/amsfonts/cm/cmex10.pfb></us
r/share/texmf-dist/fonts/type1/public/amsfonts/cm/cmmi10.pfb></usr/share/texmf-
dist/fonts/type1/public/amsfonts/cm/cmmi12.pfb></usr/share/texmf-dist/fonts/typ
e1/public/amsfonts/cm/cmmi5.pfb></usr/share/texmf-dist/fonts/type1/public/amsfo
nts/cm/cmmi6.pfb></usr/share/texmf-dist/fonts/type1/public/amsfonts/cm/cmmi7.pf
b></usr/share/texmf-dist/fonts/type1/public/amsfonts/cm/cmmi9.pfb></usr/share/t
exmf-dist/fonts/type1/public/amsfonts/cm/cmr10.pfb></usr/share/texmf-dist/fonts
/type1/public/amsfonts/cm/cmr12.pfb></usr/share/texmf-dist/fonts/type1/public/a
msfonts/cm/cmr5.pfb></usr/share/texmf-dist/fonts/type1/public/amsfonts/cm/cmr6.
pfb></usr/share/texmf-dist/fonts/type1/public/amsfonts/cm/cmr7.pfb></usr/share/
texmf-dist/fonts/type1/public/amsfonts/cm/cmr8.pfb></usr/share/texmf-dist/fonts
/type1/public/amsfonts/cm/cmr9.pfb></usr/share/texmf-dist/fonts/type1/public/am
sfonts/cm/cmsy10.pfb></usr/share/texmf-dist/fonts/type1/public/amsfonts/cm/cmsy
5.pfb></usr/share/texmf-dist/fonts/type1/public/amsfonts/cm/cmsy7.pfb></usr/sha
re/texmf-dist/fonts/type1/public/amsfonts/cm/cmsy9.pfb></usr/share/texmf-dist/f
onts/type1/public/doublestroke/dsrom10.pfb></usr/share/texmf-dist/fonts/type1/p
ublic/amsfonts/latxfont/line10.pfb></usr/share/texmf-dist/fonts/type1/public/am
sfonts/symbols/msbm10.pfb></usr/share/texmf-dist/fonts/type1/public/amsfonts/sy
mbols/msbm5.pfb></usr/share/texmf-dist/fonts/type1/public/amsfonts/symbols/msbm
7.pfb></usr/share/texmf-dist/fonts/type1/public/cm-super/sfbx0900.pfb></usr/sha
re/texmf-dist/fonts/type1/public/cm-super/sfbx1000.pfb></usr/share/texmf-dist/f
onts/type1/public/cm-super/sfbx1200.pfb></usr/share/texmf-dist/fonts/type1/publ
ic/cm-super/sfbx1440.pfb></usr/share/texmf-dist/fonts/type1/public/cm-super/sfb
x2074.pfb></usr/share/texmf-dist/fonts/type1/public/cm-super/sfbx2488.pfb></usr
/share/texmf-dist/fonts/type1/public/cm-super/sfrm0500.pfb></usr/share/texmf-di
st/fonts/type1/public/cm-super/sfrm0600.pfb></usr/share/texmf-dist/fonts/type1/
public/cm-super/sfrm0700.pfb></usr/share/texmf-dist/fonts/type1/public/cm-super
/sfrm0800.pfb></usr/share/texmf-dist/fonts/type1/public/cm-super/sfrm0900.pfb><
/usr/share/texmf-dist/fonts/type1/public/cm-super/sfrm1000.pfb></usr/share/texm
f-dist/fonts/type1/public/cm-super/sfrm1200.pfb></usr/share/texmf-dist/fonts/ty
pe1/public/cm-super/sfti0800.pfb></usr/share/texmf-dist/fonts/type1/public/cm-s
uper/sfti1000.pfb>
Output written on ./build/principal.pdf (123 pages, 2970129 bytes).
PDF statistics:
 2126 PDF objects out of 2487 (max. 8388607)
 1856 compressed objects within 19 object streams
 487 named destinations out of 1000 (max. 500000)
 1865 words of extra memory for PDF output out of 10000 (max. 10000000)

